2025-08-30 23:19:55,422 - INFO - === BẮT ĐẦU QUÁ TRÌNH CÀO DỮ LIỆU ===
2025-08-30 23:19:55,423 - INFO - Đang cào trang 1
2025-08-30 23:19:55,424 - INFO - Đang cào trang 2
2025-08-30 23:19:55,425 - INFO - Đang cào trang 3
2025-08-30 23:19:55,425 - INFO - Đang cào trang 4
2025-08-30 23:19:55,427 - INFO - Đang cào trang 5
2025-08-30 23:19:57,444 - INFO - [5] Tìm thấy 20 tin.
2025-08-30 23:19:57,466 - INFO - Đang cào trang 6
2025-08-30 23:19:57,535 - INFO - [1] Tìm thấy 20 tin.
2025-08-30 23:19:57,593 - INFO - [4] Tìm thấy 20 tin.
2025-08-30 23:19:57,599 - INFO - Đang cào trang 7
2025-08-30 23:19:57,717 - INFO - Đang cào trang 8
2025-08-30 23:19:57,957 - INFO - [3] Tìm thấy 20 tin.
2025-08-30 23:19:57,980 - INFO - Đang cào trang 9
2025-08-30 23:19:58,041 - INFO - [2] Tìm thấy 20 tin.
2025-08-30 23:19:58,042 - INFO - Đang cào trang 10
2025-08-30 23:19:58,387 - INFO - [7] Tìm thấy 20 tin.
2025-08-30 23:19:58,389 - INFO - Đang cào trang 11
2025-08-30 23:19:58,801 - INFO - [6] Tìm thấy 20 tin.
2025-08-30 23:19:58,802 - INFO - Đang cào trang 12
2025-08-30 23:19:59,447 - INFO - [9] Tìm thấy 20 tin.
2025-08-30 23:19:59,463 - INFO - Đang cào trang 13
2025-08-30 23:19:59,471 - INFO - [8] Tìm thấy 20 tin.
2025-08-30 23:19:59,485 - INFO - Đang cào trang 14
2025-08-30 23:19:59,802 - INFO - [10] Tìm thấy 20 tin.
2025-08-30 23:19:59,815 - INFO - Đang cào trang 15
2025-08-30 23:20:00,050 - INFO - [11] Tìm thấy 20 tin.
2025-08-30 23:20:00,062 - INFO - Đang cào trang 16
2025-08-30 23:20:00,330 - INFO - [12] Tìm thấy 20 tin.
2025-08-30 23:20:00,334 - INFO - Đang cào trang 17
2025-08-30 23:20:00,977 - INFO - [14] Tìm thấy 20 tin.
2025-08-30 23:20:00,984 - INFO - Đang cào trang 18
2025-08-30 23:20:00,994 - INFO - [13] Tìm thấy 20 tin.
2025-08-30 23:20:00,996 - INFO - Đang cào trang 19
2025-08-30 23:20:01,614 - INFO - [15] Tìm thấy 20 tin.
2025-08-30 23:20:01,631 - INFO - Đang cào trang 20
2025-08-30 23:20:01,752 - INFO - [16] Tìm thấy 20 tin.
2025-08-30 23:20:01,764 - INFO - Đang cào trang 21
2025-08-30 23:20:02,021 - INFO - [17] Tìm thấy 20 tin.
2025-08-30 23:20:02,022 - INFO - Đang cào trang 22
2025-08-30 23:20:02,512 - INFO - [18] Tìm thấy 20 tin.
2025-08-30 23:20:02,525 - INFO - Đang cào trang 23
2025-08-30 23:20:02,700 - INFO - [19] Tìm thấy 20 tin.
2025-08-30 23:20:02,702 - INFO - Đang cào trang 24
2025-08-30 23:20:03,334 - INFO - [21] Tìm thấy 20 tin.
2025-08-30 23:20:03,342 - INFO - [20] Tìm thấy 20 tin.
2025-08-30 23:20:03,343 - INFO - Đang cào trang 25
2025-08-30 23:20:03,346 - INFO - Đang cào trang 26
2025-08-30 23:20:03,823 - INFO - [22] Tìm thấy 20 tin.
2025-08-30 23:20:03,831 - INFO - Đang cào trang 27
2025-08-30 23:20:04,095 - INFO - [23] Tìm thấy 20 tin.
2025-08-30 23:20:04,104 - INFO - Đang cào trang 28
2025-08-30 23:20:04,572 - INFO - [24] Tìm thấy 20 tin.
2025-08-30 23:20:04,612 - INFO - Đang cào trang 29
2025-08-30 23:20:04,930 - INFO - [26] Tìm thấy 20 tin.
2025-08-30 23:20:04,942 - INFO - Đang cào trang 30
2025-08-30 23:20:05,091 - INFO - [25] Tìm thấy 20 tin.
2025-08-30 23:20:05,103 - INFO - Đang cào trang 31
2025-08-30 23:20:05,499 - INFO - [27] Tìm thấy 20 tin.
2025-08-30 23:20:05,511 - INFO - Đang cào trang 32
2025-08-30 23:20:05,633 - INFO - [28] Tìm thấy 20 tin.
2025-08-30 23:20:05,635 - INFO - Đang cào trang 33
2025-08-30 23:20:06,193 - INFO - [29] Tìm thấy 20 tin.
2025-08-30 23:20:06,204 - INFO - Đang cào trang 34
2025-08-30 23:20:06,291 - INFO - [30] Tìm thấy 20 tin.
2025-08-30 23:20:06,305 - INFO - Đang cào trang 35
2025-08-30 23:20:06,630 - INFO - [31] Tìm thấy 20 tin.
2025-08-30 23:20:06,637 - INFO - Đang cào trang 36
2025-08-30 23:20:07,031 - INFO - [32] Tìm thấy 20 tin.
2025-08-30 23:20:07,043 - INFO - Đang cào trang 37
2025-08-30 23:20:07,203 - INFO - [33] Tìm thấy 20 tin.
2025-08-30 23:20:07,205 - INFO - Đang cào trang 38
2025-08-30 23:20:07,734 - INFO - [35] Tìm thấy 20 tin.
2025-08-30 23:20:07,746 - INFO - Đang cào trang 39
2025-08-30 23:20:07,839 - INFO - [34] Tìm thấy 20 tin.
2025-08-30 23:20:07,840 - INFO - Đang cào trang 40
2025-08-30 23:20:08,300 - INFO - [36] Tìm thấy 20 tin.
2025-08-30 23:20:08,306 - INFO - Đang cào trang 41
2025-08-30 23:20:08,464 - INFO - [37] Tìm thấy 20 tin.
2025-08-30 23:20:08,465 - INFO - Đang cào trang 42
2025-08-30 23:20:08,914 - INFO - [38] Tìm thấy 20 tin.
2025-08-30 23:20:08,925 - INFO - Đang cào trang 43
2025-08-30 23:20:09,108 - INFO - [39] Tìm thấy 20 tin.
2025-08-30 23:20:09,109 - INFO - Đang cào trang 44
2025-08-30 23:20:09,550 - INFO - [40] Tìm thấy 20 tin.
2025-08-30 23:20:09,566 - INFO - Đang cào trang 45
2025-08-30 23:20:09,655 - INFO - [41] Tìm thấy 20 tin.
2025-08-30 23:20:09,656 - INFO - Đang cào trang 46
2025-08-30 23:20:10,013 - INFO - [42] Tìm thấy 20 tin.
2025-08-30 23:20:10,021 - INFO - Đang cào trang 47
2025-08-30 23:20:10,518 - INFO - [43] Tìm thấy 20 tin.
2025-08-30 23:20:10,525 - INFO - Đang cào trang 48
2025-08-30 23:20:10,637 - INFO - [44] Tìm thấy 20 tin.
2025-08-30 23:20:10,644 - INFO - Đang cào trang 49
2025-08-30 23:20:11,172 - INFO - [45] Tìm thấy 20 tin.
2025-08-30 23:20:11,185 - INFO - Đang cào trang 50
2025-08-30 23:20:11,311 - INFO - [46] Tìm thấy 20 tin.
2025-08-30 23:20:11,324 - INFO - Đang cào trang 51
2025-08-30 23:20:11,736 - INFO - [47] Tìm thấy 20 tin.
2025-08-30 23:20:11,747 - INFO - Đang cào trang 52
2025-08-30 23:20:11,992 - INFO - [48] Tìm thấy 20 tin.
2025-08-30 23:20:11,999 - INFO - Đang cào trang 53
2025-08-30 23:20:12,248 - INFO - [49] Tìm thấy 20 tin.
2025-08-30 23:20:12,254 - INFO - Đang cào trang 54
2025-08-30 23:20:12,727 - INFO - [50] Tìm thấy 20 tin.
2025-08-30 23:20:12,734 - INFO - Đang cào trang 55
2025-08-30 23:20:12,999 - INFO - [51] Tìm thấy 20 tin.
2025-08-30 23:20:13,016 - INFO - Đang cào trang 56
2025-08-30 23:20:13,472 - INFO - [52] Tìm thấy 20 tin.
2025-08-30 23:20:13,477 - INFO - Đang cào trang 57
2025-08-30 23:20:13,718 - INFO - [53] Tìm thấy 20 tin.
2025-08-30 23:20:13,731 - INFO - Đang cào trang 58
2025-08-30 23:20:13,950 - INFO - [54] Tìm thấy 20 tin.
2025-08-30 23:20:13,957 - INFO - Đang cào trang 59
2025-08-30 23:20:14,194 - INFO - [55] Tìm thấy 20 tin.
2025-08-30 23:20:14,195 - INFO - Đang cào trang 60
2025-08-30 23:20:14,640 - INFO - [56] Tìm thấy 20 tin.
2025-08-30 23:20:14,646 - INFO - Đang cào trang 61
2025-08-30 23:20:15,023 - INFO - [57] Tìm thấy 20 tin.
2025-08-30 23:20:15,030 - INFO - Đang cào trang 62
2025-08-30 23:20:15,416 - INFO - [58] Tìm thấy 20 tin.
2025-08-30 23:20:15,427 - INFO - Đang cào trang 63
2025-08-30 23:20:15,595 - INFO - [59] Tìm thấy 20 tin.
2025-08-30 23:20:15,607 - INFO - Đang cào trang 64
2025-08-30 23:20:16,093 - INFO - [60] Tìm thấy 20 tin.
2025-08-30 23:20:16,110 - INFO - Đang cào trang 65
2025-08-30 23:20:16,252 - INFO - [61] Tìm thấy 20 tin.
2025-08-30 23:20:16,255 - INFO - Đang cào trang 66
2025-08-30 23:20:16,817 - INFO - [62] Tìm thấy 20 tin.
2025-08-30 23:20:16,834 - INFO - Đang cào trang 67
2025-08-30 23:20:16,874 - INFO - [63] Tìm thấy 20 tin.
2025-08-30 23:20:16,896 - INFO - Đang cào trang 68
2025-08-30 23:20:17,302 - INFO - [64] Tìm thấy 20 tin.
2025-08-30 23:20:17,303 - INFO - Đang cào trang 69
2025-08-30 23:20:17,864 - INFO - [65] Tìm thấy 20 tin.
2025-08-30 23:20:17,866 - INFO - Đang cào trang 70
2025-08-30 23:20:18,536 - INFO - [68] Tìm thấy 6 tin.
2025-08-30 23:20:18,574 - INFO - [66] Tìm thấy 20 tin.
2025-08-30 23:20:19,009 - INFO - [67] Tìm thấy 20 tin.
2025-08-30 23:20:19,160 - WARNING - [69] Không có product-lists-web.
2025-08-30 23:20:19,366 - WARNING - [70] Không có product-lists-web.
2025-08-30 23:22:52,167 - INFO - === CÀO DỮ LIỆU THÔ HOÀN TẤT - 1346 TIN ===
2025-08-30 23:22:52,294 - INFO - Đã lưu 1346 dòng → /mnt/d/PHANTICHDULIEU/data/raw/bds_quan7_raw.csv
2025-08-30 23:22:52,295 - INFO - Bắt đầu làm sạch dữ liệu...
2025-08-30 23:22:52,331 - INFO - Hoàn tất làm sạch dữ liệu.
2025-08-30 23:22:52,387 - INFO - Đã lưu 1346 dòng → /mnt/d/PHANTICHDULIEU/data/GiaThueCanHoQ7.csv
2025-08-30 23:22:52,387 - INFO - === TOÀN BỘ QUÁ TRÌNH ĐÃ HOÀN TẤT ===
2025-08-30 23:31:11,168 - INFO - === BẮT ĐẦU QUÁ TRÌNH CÀO DỮ LIỆU ===
2025-08-30 23:31:11,169 - INFO - Đang cào trang 1
2025-08-30 23:31:11,170 - INFO - Đang cào trang 2
2025-08-30 23:31:11,170 - INFO - Đang cào trang 3
2025-08-30 23:31:11,171 - INFO - Đang cào trang 4
2025-08-30 23:31:11,172 - INFO - Đang cào trang 5
2025-08-30 23:31:12,532 - INFO - [2] Tìm thấy 20 tin.
2025-08-30 23:31:12,544 - INFO - Đang cào trang 6
2025-08-30 23:31:12,545 - INFO - [4] Tìm thấy 20 tin.
2025-08-30 23:31:12,602 - INFO - Đang cào trang 7
2025-08-30 23:31:12,831 - INFO - [5] Tìm thấy 20 tin.
2025-08-30 23:31:12,913 - INFO - Đang cào trang 8
2025-08-30 23:31:13,404 - INFO - [1] Tìm thấy 20 tin.
2025-08-30 23:31:13,416 - INFO - Đang cào trang 9
2025-08-30 23:31:13,430 - INFO - [3] Tìm thấy 20 tin.
2025-08-30 23:31:13,431 - INFO - Đang cào trang 10
2025-08-30 23:31:14,107 - INFO - [7] Tìm thấy 20 tin.
2025-08-30 23:31:14,114 - INFO - Đang cào trang 11
2025-08-30 23:31:14,173 - INFO - [6] Tìm thấy 20 tin.
2025-08-30 23:31:14,202 - INFO - Đang cào trang 12
2025-08-30 23:31:14,799 - INFO - [8] Tìm thấy 20 tin.
2025-08-30 23:31:14,815 - INFO - Đang cào trang 13
2025-08-30 23:31:15,116 - INFO - [9] Tìm thấy 20 tin.
2025-08-30 23:31:15,123 - INFO - Đang cào trang 14
2025-08-30 23:31:15,145 - INFO - [10] Tìm thấy 20 tin.
2025-08-30 23:31:15,147 - INFO - Đang cào trang 15
2025-08-30 23:31:15,748 - INFO - [12] Tìm thấy 20 tin.
2025-08-30 23:31:15,755 - INFO - [11] Tìm thấy 20 tin.
2025-08-30 23:31:15,758 - INFO - Đang cào trang 16
2025-08-30 23:31:15,760 - INFO - Đang cào trang 17
2025-08-30 23:31:16,585 - INFO - [13] Tìm thấy 20 tin.
2025-08-30 23:31:16,608 - INFO - Đang cào trang 18
2025-08-30 23:31:16,699 - INFO - [14] Tìm thấy 20 tin.
2025-08-30 23:31:16,715 - INFO - Đang cào trang 19
2025-08-30 23:31:16,877 - INFO - [15] Tìm thấy 20 tin.
2025-08-30 23:31:16,891 - INFO - Đang cào trang 20
2025-08-30 23:31:17,401 - INFO - [16] Tìm thấy 20 tin.
2025-08-30 23:31:17,419 - INFO - [17] Tìm thấy 20 tin.
2025-08-30 23:31:17,420 - INFO - Đang cào trang 21
2025-08-30 23:31:17,421 - INFO - Đang cào trang 22
2025-08-30 23:31:18,288 - INFO - [19] Tìm thấy 20 tin.
2025-08-30 23:31:18,294 - INFO - Đang cào trang 23
2025-08-30 23:31:18,310 - INFO - [18] Tìm thấy 20 tin.
2025-08-30 23:31:18,322 - INFO - Đang cào trang 24
2025-08-30 23:31:18,405 - INFO - [20] Tìm thấy 20 tin.
2025-08-30 23:31:18,406 - INFO - Đang cào trang 25
2025-08-30 23:31:19,012 - INFO - [21] Tìm thấy 20 tin.
2025-08-30 23:31:19,025 - INFO - Đang cào trang 26
2025-08-30 23:31:19,130 - INFO - [22] Tìm thấy 20 tin.
2025-08-30 23:31:19,149 - INFO - Đang cào trang 27
2025-08-30 23:31:19,651 - INFO - [23] Tìm thấy 20 tin.
2025-08-30 23:31:19,663 - INFO - Đang cào trang 28
2025-08-30 23:31:19,948 - INFO - [24] Tìm thấy 20 tin.
2025-08-30 23:31:19,960 - INFO - Đang cào trang 29
2025-08-30 23:31:20,137 - INFO - [25] Tìm thấy 20 tin.
2025-08-30 23:31:20,149 - INFO - Đang cào trang 30
2025-08-30 23:31:20,627 - INFO - [26] Tìm thấy 20 tin.
2025-08-30 23:31:20,634 - INFO - Đang cào trang 31
2025-08-30 23:31:20,929 - INFO - [27] Tìm thấy 20 tin.
2025-08-30 23:31:20,942 - INFO - Đang cào trang 32
2025-08-30 23:31:21,490 - INFO - [28] Tìm thấy 20 tin.
2025-08-30 23:31:21,501 - INFO - Đang cào trang 33
2025-08-30 23:31:21,685 - INFO - [29] Tìm thấy 20 tin.
2025-08-30 23:31:21,692 - INFO - Đang cào trang 34
2025-08-30 23:31:21,803 - INFO - [30] Tìm thấy 20 tin.
2025-08-30 23:31:21,804 - INFO - Đang cào trang 35
2025-08-30 23:31:22,478 - INFO - [31] Tìm thấy 20 tin.
2025-08-30 23:31:22,492 - INFO - Đang cào trang 36
2025-08-30 23:31:22,566 - INFO - [32] Tìm thấy 20 tin.
2025-08-30 23:31:22,572 - INFO - Đang cào trang 37
2025-08-30 23:31:23,565 - INFO - [34] Tìm thấy 20 tin.
2025-08-30 23:31:23,578 - INFO - [33] Tìm thấy 20 tin.
2025-08-30 23:31:23,578 - INFO - [35] Tìm thấy 20 tin.
2025-08-30 23:31:23,579 - INFO - Đang cào trang 38
2025-08-30 23:31:23,581 - INFO - Đang cào trang 39
2025-08-30 23:31:23,583 - INFO - Đang cào trang 40
2025-08-30 23:31:24,216 - INFO - [36] Tìm thấy 20 tin.
2025-08-30 23:31:24,228 - INFO - Đang cào trang 41
2025-08-30 23:31:24,347 - INFO - [37] Tìm thấy 20 tin.
2025-08-30 23:31:24,349 - INFO - Đang cào trang 42
2025-08-30 23:31:25,236 - INFO - [39] Tìm thấy 20 tin.
2025-08-30 23:31:25,259 - INFO - Đang cào trang 43
2025-08-30 23:31:25,278 - INFO - [40] Tìm thấy 20 tin.
2025-08-30 23:31:25,284 - INFO - Đang cào trang 44
2025-08-30 23:31:25,339 - INFO - [38] Tìm thấy 20 tin.
2025-08-30 23:31:25,355 - INFO - Đang cào trang 45
2025-08-30 23:31:25,896 - INFO - [41] Tìm thấy 20 tin.
2025-08-30 23:31:26,020 - INFO - Đang cào trang 46
2025-08-30 23:31:26,162 - INFO - [42] Tìm thấy 20 tin.
2025-08-30 23:31:26,162 - INFO - Đang cào trang 47
2025-08-30 23:31:26,973 - INFO - [44] Tìm thấy 20 tin.
2025-08-30 23:31:26,985 - INFO - Đang cào trang 48
2025-08-30 23:31:26,993 - INFO - [43] Tìm thấy 20 tin.
2025-08-30 23:31:27,005 - INFO - Đang cào trang 49
2025-08-30 23:31:27,157 - INFO - [45] Tìm thấy 20 tin.
2025-08-30 23:31:27,159 - INFO - Đang cào trang 50
2025-08-30 23:31:27,819 - INFO - [46] Tìm thấy 20 tin.
2025-08-30 23:31:27,820 - INFO - Đang cào trang 51
2025-08-30 23:31:28,021 - INFO - [47] Tìm thấy 20 tin.
2025-08-30 23:31:28,033 - INFO - Đang cào trang 52
2025-08-30 23:31:28,682 - INFO - [48] Tìm thấy 20 tin.
2025-08-30 23:31:28,689 - INFO - Đang cào trang 53
2025-08-30 23:31:28,932 - INFO - [49] Tìm thấy 20 tin.
2025-08-30 23:31:28,933 - INFO - Đang cào trang 54
2025-08-30 23:31:28,983 - INFO - [50] Tìm thấy 20 tin.
2025-08-30 23:31:28,985 - INFO - Đang cào trang 55
2025-08-30 23:31:29,572 - INFO - [52] Tìm thấy 20 tin.
2025-08-30 23:31:29,585 - INFO - Đang cào trang 56
2025-08-30 23:31:29,725 - INFO - [51] Tìm thấy 20 tin.
2025-08-30 23:31:29,938 - INFO - Đang cào trang 57
2025-08-30 23:31:30,604 - INFO - [53] Tìm thấy 20 tin.
2025-08-30 23:31:30,642 - INFO - Đang cào trang 58
2025-08-30 23:31:30,646 - INFO - [55] Tìm thấy 20 tin.
2025-08-30 23:31:30,670 - INFO - Đang cào trang 59
2025-08-30 23:31:30,695 - INFO - [54] Tìm thấy 20 tin.
2025-08-30 23:31:30,703 - INFO - Đang cào trang 60
2025-08-30 23:31:31,346 - INFO - [56] Tìm thấy 20 tin.
2025-08-30 23:31:31,353 - INFO - Đang cào trang 61
2025-08-30 23:31:31,375 - INFO - [57] Tìm thấy 20 tin.
2025-08-30 23:31:31,378 - INFO - Đang cào trang 62
2025-08-30 23:31:32,104 - INFO - [60] Tìm thấy 20 tin.
2025-08-30 23:31:32,110 - INFO - Đang cào trang 63
2025-08-30 23:31:32,184 - INFO - [59] Tìm thấy 20 tin.
2025-08-30 23:31:33,295 - INFO - Đang cào trang 64
2025-08-30 23:31:33,435 - INFO - [58] Tìm thấy 20 tin.
2025-08-30 23:31:33,436 - INFO - Đang cào trang 65
2025-08-30 23:31:34,024 - INFO - [62] Tìm thấy 20 tin.
2025-08-30 23:31:34,027 - INFO - Đang cào trang 66
2025-08-30 23:31:34,077 - INFO - [61] Tìm thấy 20 tin.
2025-08-30 23:31:34,079 - INFO - Đang cào trang 67
2025-08-30 23:31:34,926 - INFO - [63] Tìm thấy 20 tin.
2025-08-30 23:31:34,949 - INFO - Đang cào trang 68
2025-08-30 23:31:35,096 - INFO - [64] Tìm thấy 20 tin.
2025-08-30 23:31:35,109 - INFO - Đang cào trang 69
2025-08-30 23:31:35,137 - INFO - [65] Tìm thấy 20 tin.
2025-08-30 23:31:35,144 - INFO - Đang cào trang 70
2025-08-30 23:31:35,757 - INFO - [66] Tìm thấy 20 tin.
2025-08-30 23:31:35,820 - INFO - [67] Tìm thấy 20 tin.
2025-08-30 23:31:36,424 - INFO - [68] Tìm thấy 6 tin.
2025-08-30 23:31:36,545 - WARNING - [69] Không có product-lists-web.
2025-08-30 23:31:36,581 - WARNING - [70] Không có product-lists-web.
2025-08-30 23:34:13,137 - INFO - === CÀO DỮ LIỆU THÔ HOÀN TẤT - 1346 TIN ===
2025-08-30 23:34:13,231 - INFO - Đã lưu 1346 dòng → /mnt/d/PHANTICHDULIEU/data/raw/bds_quan7_raw.csv
2025-08-30 23:34:13,232 - INFO - Bắt đầu làm sạch dữ liệu...
2025-08-30 23:34:13,272 - INFO - Hoàn tất làm sạch dữ liệu.
2025-08-30 23:34:13,316 - INFO - Đã lưu 1346 dòng → /mnt/d/PHANTICHDULIEU/data/GiaThueCanHoQ7.csv
2025-08-30 23:34:13,317 - INFO - === TOÀN BỘ QUÁ TRÌNH ĐÃ HOÀN TẤT ===
2025-08-30 23:37:05,362 - INFO - === BẮT ĐẦU QUÁ TRÌNH CÀO DỮ LIỆU ===
2025-08-30 23:37:05,364 - INFO - Đang cào trang 1
2025-08-30 23:37:05,364 - INFO - Đang cào trang 2
2025-08-30 23:37:05,365 - INFO - Đang cào trang 3
2025-08-30 23:37:05,367 - INFO - Đang cào trang 4
2025-08-30 23:37:05,367 - INFO - Đang cào trang 5
2025-08-30 23:37:06,405 - INFO - [2] Tìm thấy 20 tin.
2025-08-30 23:37:06,422 - INFO - Đang cào trang 6
2025-08-30 23:37:08,121 - INFO - [5] Tìm thấy 20 tin.
2025-08-30 23:37:08,138 - INFO - Đang cào trang 7
2025-08-30 23:37:08,195 - INFO - [3] Tìm thấy 20 tin.
2025-08-30 23:37:08,212 - INFO - Đang cào trang 8
2025-08-30 23:37:08,585 - INFO - [1] Tìm thấy 20 tin.
2025-08-30 23:37:08,598 - INFO - [4] Tìm thấy 20 tin.
2025-08-30 23:37:08,598 - INFO - Đang cào trang 9
2025-08-30 23:37:08,599 - INFO - Đang cào trang 10
2025-08-30 23:37:08,903 - INFO - [6] Tìm thấy 20 tin.
2025-08-30 23:37:08,905 - INFO - Đang cào trang 11
2025-08-30 23:37:09,472 - INFO - [7] Tìm thấy 20 tin.
2025-08-30 23:37:09,484 - INFO - Đang cào trang 12
2025-08-30 23:37:09,669 - INFO - [8] Tìm thấy 20 tin.
2025-08-30 23:37:09,686 - INFO - Đang cào trang 13
2025-08-30 23:37:10,140 - INFO - [9] Tìm thấy 20 tin.
2025-08-30 23:37:10,152 - INFO - Đang cào trang 14
2025-08-30 23:37:10,352 - INFO - [10] Tìm thấy 20 tin.
2025-08-30 23:37:10,375 - INFO - Đang cào trang 15
2025-08-30 23:37:10,652 - INFO - [11] Tìm thấy 20 tin.
2025-08-30 23:37:10,665 - INFO - Đang cào trang 16
2025-08-30 23:37:11,089 - INFO - [12] Tìm thấy 20 tin.
2025-08-30 23:37:11,102 - INFO - Đang cào trang 17
2025-08-30 23:37:11,363 - INFO - [13] Tìm thấy 20 tin.
2025-08-30 23:37:11,381 - INFO - Đang cào trang 18
2025-08-30 23:37:11,667 - INFO - [14] Tìm thấy 20 tin.
2025-08-30 23:37:11,679 - INFO - Đang cào trang 19
2025-08-30 23:37:11,979 - INFO - [15] Tìm thấy 20 tin.
2025-08-30 23:37:12,004 - INFO - Đang cào trang 20
2025-08-30 23:37:12,278 - INFO - [16] Tìm thấy 20 tin.
2025-08-30 23:37:12,296 - INFO - Đang cào trang 21
2025-08-30 23:37:12,599 - INFO - [17] Tìm thấy 20 tin.
2025-08-30 23:37:12,611 - INFO - Đang cào trang 22
2025-08-30 23:37:13,101 - INFO - [18] Tìm thấy 20 tin.
2025-08-30 23:37:13,114 - INFO - Đang cào trang 23
2025-08-30 23:37:13,351 - INFO - [19] Tìm thấy 20 tin.
2025-08-30 23:37:13,368 - INFO - Đang cào trang 24
2025-08-30 23:37:13,750 - INFO - [20] Tìm thấy 20 tin.
2025-08-30 23:37:13,767 - INFO - Đang cào trang 25
2025-08-30 23:37:13,920 - INFO - [21] Tìm thấy 20 tin.
2025-08-30 23:37:13,933 - INFO - Đang cào trang 26
2025-08-30 23:37:14,142 - INFO - [22] Tìm thấy 20 tin.
2025-08-30 23:37:14,144 - INFO - Đang cào trang 27
2025-08-30 23:37:14,770 - INFO - [23] Tìm thấy 20 tin.
2025-08-30 23:37:14,781 - INFO - Đang cào trang 28
2025-08-30 23:37:14,927 - INFO - [24] Tìm thấy 20 tin.
2025-08-30 23:37:14,945 - INFO - Đang cào trang 29
2025-08-30 23:37:15,612 - INFO - [25] Tìm thấy 20 tin.
2025-08-30 23:37:15,624 - INFO - Đang cào trang 30
2025-08-30 23:37:15,800 - INFO - [26] Tìm thấy 20 tin.
2025-08-30 23:37:15,812 - INFO - Đang cào trang 31
2025-08-30 23:37:15,867 - INFO - [27] Tìm thấy 20 tin.
2025-08-30 23:37:15,869 - INFO - Đang cào trang 32
2025-08-30 23:37:16,560 - INFO - [28] Tìm thấy 20 tin.
2025-08-30 23:37:16,573 - INFO - Đang cào trang 33
2025-08-30 23:37:16,628 - INFO - [29] Tìm thấy 20 tin.
2025-08-30 23:37:16,630 - INFO - Đang cào trang 34
2025-08-30 23:37:17,554 - INFO - [32] Tìm thấy 20 tin.
2025-08-30 23:37:17,571 - INFO - Đang cào trang 35
2025-08-30 23:37:17,642 - INFO - [30] Tìm thấy 20 tin.
2025-08-30 23:37:17,647 - INFO - [31] Tìm thấy 20 tin.
2025-08-30 23:37:17,648 - INFO - Đang cào trang 36
2025-08-30 23:37:17,650 - INFO - Đang cào trang 37
2025-08-30 23:37:18,338 - INFO - [33] Tìm thấy 20 tin.
2025-08-30 23:37:18,352 - INFO - Đang cào trang 38
2025-08-30 23:37:18,406 - INFO - [34] Tìm thấy 20 tin.
2025-08-30 23:37:18,411 - INFO - Đang cào trang 39
2025-08-30 23:37:19,170 - INFO - [36] Tìm thấy 20 tin.
2025-08-30 23:37:19,182 - INFO - Đang cào trang 40
2025-08-30 23:37:19,285 - INFO - [37] Tìm thấy 20 tin.
2025-08-30 23:37:19,286 - INFO - Đang cào trang 41
2025-08-30 23:37:19,388 - INFO - [35] Tìm thấy 20 tin.
2025-08-30 23:37:19,390 - INFO - Đang cào trang 42
2025-08-30 23:37:19,797 - INFO - [38] Tìm thấy 20 tin.
2025-08-30 23:37:19,811 - INFO - Đang cào trang 43
2025-08-30 23:37:19,999 - INFO - [39] Tìm thấy 20 tin.
2025-08-30 23:37:20,000 - INFO - Đang cào trang 44
2025-08-30 23:37:20,777 - INFO - [41] Tìm thấy 20 tin.
2025-08-30 23:37:20,794 - INFO - Đang cào trang 45
2025-08-30 23:37:21,006 - INFO - [40] Tìm thấy 20 tin.
2025-08-30 23:37:21,018 - INFO - Đang cào trang 46
2025-08-30 23:37:21,082 - INFO - [42] Tìm thấy 20 tin.
2025-08-30 23:37:21,094 - INFO - Đang cào trang 47
2025-08-30 23:37:21,600 - INFO - [43] Tìm thấy 20 tin.
2025-08-30 23:37:21,612 - INFO - Đang cào trang 48
2025-08-30 23:37:21,672 - INFO - [44] Tìm thấy 20 tin.
2025-08-30 23:37:21,675 - INFO - Đang cào trang 49
2025-08-30 23:37:22,504 - INFO - [46] Tìm thấy 20 tin.
2025-08-30 23:37:22,509 - INFO - [45] Tìm thấy 20 tin.
2025-08-30 23:37:22,516 - INFO - Đang cào trang 50
2025-08-30 23:37:22,536 - INFO - Đang cào trang 51
2025-08-30 23:37:22,896 - INFO - [47] Tìm thấy 20 tin.
2025-08-30 23:37:22,907 - INFO - Đang cào trang 52
2025-08-30 23:37:23,272 - INFO - [49] Tìm thấy 20 tin.
2025-08-30 23:37:23,278 - INFO - Đang cào trang 53
2025-08-30 23:37:23,405 - INFO - [48] Tìm thấy 20 tin.
2025-08-30 23:37:23,412 - INFO - Đang cào trang 54
2025-08-30 23:37:24,007 - INFO - [51] Tìm thấy 20 tin.
2025-08-30 23:37:24,008 - INFO - Đang cào trang 55
2025-08-30 23:37:24,120 - INFO - [50] Tìm thấy 20 tin.
2025-08-30 23:37:24,127 - INFO - Đang cào trang 56
2025-08-30 23:37:24,794 - INFO - [52] Tìm thấy 20 tin.
2025-08-30 23:37:24,800 - INFO - Đang cào trang 57
2025-08-30 23:37:25,069 - INFO - [53] Tìm thấy 20 tin.
2025-08-30 23:37:25,077 - INFO - Đang cào trang 58
2025-08-30 23:37:25,114 - INFO - [54] Tìm thấy 20 tin.
2025-08-30 23:37:25,115 - INFO - Đang cào trang 59
2025-08-30 23:37:25,817 - INFO - [55] Tìm thấy 20 tin.
2025-08-30 23:37:25,823 - INFO - Đang cào trang 60
2025-08-30 23:37:25,919 - INFO - [56] Tìm thấy 20 tin.
2025-08-30 23:37:25,935 - INFO - Đang cào trang 61
2025-08-30 23:37:26,272 - INFO - [57] Tìm thấy 20 tin.
2025-08-30 23:37:26,283 - INFO - Đang cào trang 62
2025-08-30 23:37:26,769 - INFO - [58] Tìm thấy 20 tin.
2025-08-30 23:37:26,777 - INFO - Đang cào trang 63
2025-08-30 23:37:26,902 - INFO - [59] Tìm thấy 20 tin.
2025-08-30 23:37:26,914 - INFO - Đang cào trang 64
2025-08-30 23:37:27,518 - INFO - [60] Tìm thấy 20 tin.
2025-08-30 23:37:27,525 - INFO - Đang cào trang 65
2025-08-30 23:37:27,607 - INFO - [61] Tìm thấy 20 tin.
2025-08-30 23:37:27,609 - INFO - Đang cào trang 66
2025-08-30 23:37:28,395 - INFO - [62] Tìm thấy 20 tin.
2025-08-30 23:37:28,455 - INFO - Đang cào trang 67
2025-08-30 23:37:28,535 - INFO - [63] Tìm thấy 20 tin.
2025-08-30 23:37:28,541 - INFO - Đang cào trang 68
2025-08-30 23:37:28,657 - INFO - [64] Tìm thấy 20 tin.
2025-08-30 23:37:28,675 - INFO - Đang cào trang 69
2025-08-30 23:37:29,054 - INFO - [65] Tìm thấy 20 tin.
2025-08-30 23:37:29,061 - INFO - Đang cào trang 70
2025-08-30 23:37:29,407 - INFO - [66] Tìm thấy 20 tin.
2025-08-30 23:37:29,865 - INFO - [67] Tìm thấy 20 tin.
2025-08-30 23:37:29,920 - INFO - [68] Tìm thấy 6 tin.
2025-08-30 23:37:30,073 - WARNING - [69] Không có product-lists-web.
2025-08-30 23:37:30,400 - WARNING - [70] Không có product-lists-web.
2025-08-30 23:40:05,563 - INFO - === CÀO DỮ LIỆU THÔ HOÀN TẤT - 1346 TIN ===
2025-08-30 23:40:05,641 - INFO - Đã lưu 1346 dòng → /mnt/d/PHANTICHDULIEU/data/raw/bds_quan7_raw.csv
2025-08-30 23:40:05,642 - INFO - Bắt đầu làm sạch dữ liệu...
2025-08-30 23:40:05,676 - INFO - Hoàn tất làm sạch dữ liệu.
2025-08-30 23:40:05,716 - INFO - Đã lưu 1346 dòng → /mnt/d/PHANTICHDULIEU/data/GiaThueCanHoQ7.csv
2025-08-30 23:40:05,716 - INFO - === TOÀN BỘ QUÁ TRÌNH ĐÃ HOÀN TẤT ===
2025-08-31 01:31:09,061 - INFO - === BẮT ĐẦU QUÁ TRÌNH CÀO DỮ LIỆU ===
2025-08-31 01:31:09,062 - INFO - Đang cào trang 1
2025-08-31 01:31:09,062 - INFO - Đang cào trang 2
2025-08-31 01:31:09,063 - INFO - Đang cào trang 3
2025-08-31 01:31:09,063 - INFO - Đang cào trang 4
2025-08-31 01:31:09,064 - INFO - Đang cào trang 5
2025-08-31 01:31:09,713 - INFO - [1] Tìm thấy 20 tin.
2025-08-31 01:31:09,714 - INFO - Đang cào trang 6
2025-08-31 01:31:10,198 - INFO - [5] Tìm thấy 20 tin.
2025-08-31 01:31:10,203 - INFO - [4] Tìm thấy 20 tin.
2025-08-31 01:31:10,282 - INFO - Đang cào trang 7
2025-08-31 01:31:10,289 - INFO - [2] Tìm thấy 20 tin.
2025-08-31 01:31:10,294 - INFO - Đang cào trang 8
2025-08-31 01:31:10,316 - INFO - Đang cào trang 9
2025-08-31 01:31:10,448 - INFO - [3] Tìm thấy 20 tin.
2025-08-31 01:31:10,450 - INFO - Đang cào trang 10
2025-08-31 01:31:10,637 - INFO - [6] Tìm thấy 20 tin.
2025-08-31 01:31:10,637 - INFO - Đang cào trang 11
2025-08-31 01:31:11,496 - INFO - [9] Tìm thấy 20 tin.
2025-08-31 01:31:11,506 - INFO - Đang cào trang 12
2025-08-31 01:31:11,531 - INFO - [8] Tìm thấy 20 tin.
2025-08-31 01:31:11,532 - INFO - [10] Tìm thấy 20 tin.
2025-08-31 01:31:11,533 - INFO - Đang cào trang 13
2025-08-31 01:31:11,533 - INFO - Đang cào trang 14
2025-08-31 01:31:11,912 - INFO - [7] Tìm thấy 20 tin.
2025-08-31 01:31:11,918 - INFO - Đang cào trang 15
2025-08-31 01:31:11,942 - INFO - [11] Tìm thấy 20 tin.
2025-08-31 01:31:11,943 - INFO - Đang cào trang 16
2025-08-31 01:31:12,541 - INFO - [12] Tìm thấy 20 tin.
2025-08-31 01:31:12,558 - INFO - Đang cào trang 17
2025-08-31 01:31:12,610 - INFO - [13] Tìm thấy 20 tin.
2025-08-31 01:31:12,614 - INFO - Đang cào trang 18
2025-08-31 01:31:12,877 - INFO - [14] Tìm thấy 20 tin.
2025-08-31 01:31:12,969 - INFO - Đang cào trang 19
2025-08-31 01:31:13,036 - INFO - [15] Tìm thấy 20 tin.
2025-08-31 01:31:13,056 - INFO - Đang cào trang 20
2025-08-31 01:31:13,156 - INFO - [16] Tìm thấy 20 tin.
2025-08-31 01:31:13,156 - INFO - Đang cào trang 21
2025-08-31 01:31:13,326 - INFO - [17] Tìm thấy 20 tin.
2025-08-31 01:31:13,327 - INFO - Đang cào trang 22
2025-08-31 01:31:13,563 - INFO - [18] Tìm thấy 20 tin.
2025-08-31 01:31:13,564 - INFO - Đang cào trang 23
2025-08-31 01:31:13,936 - INFO - [19] Tìm thấy 20 tin.
2025-08-31 01:31:13,946 - INFO - Đang cào trang 24
2025-08-31 01:31:13,983 - INFO - [21] Tìm thấy 20 tin.
2025-08-31 01:31:13,986 - INFO - Đang cào trang 25
2025-08-31 01:31:14,315 - INFO - [20] Tìm thấy 20 tin.
2025-08-31 01:31:14,327 - INFO - Đang cào trang 26
2025-08-31 01:31:14,409 - INFO - [22] Tìm thấy 20 tin.
2025-08-31 01:31:14,411 - INFO - Đang cào trang 27
2025-08-31 01:31:14,627 - INFO - [23] Tìm thấy 20 tin.
2025-08-31 01:31:14,629 - INFO - Đang cào trang 28
2025-08-31 01:31:14,962 - INFO - [25] Tìm thấy 20 tin.
2025-08-31 01:31:14,973 - INFO - Đang cào trang 29
2025-08-31 01:31:14,982 - INFO - [24] Tìm thấy 20 tin.
2025-08-31 01:31:14,983 - INFO - Đang cào trang 30
2025-08-31 01:31:15,228 - INFO - [26] Tìm thấy 20 tin.
2025-08-31 01:31:15,229 - INFO - Đang cào trang 31
2025-08-31 01:31:15,527 - INFO - [27] Tìm thấy 20 tin.
2025-08-31 01:31:15,538 - INFO - Đang cào trang 32
2025-08-31 01:31:15,577 - INFO - [28] Tìm thấy 20 tin.
2025-08-31 01:31:15,578 - INFO - Đang cào trang 33
2025-08-31 01:31:15,838 - INFO - [30] Tìm thấy 20 tin.
2025-08-31 01:31:15,839 - INFO - Đang cào trang 34
2025-08-31 01:31:16,082 - INFO - [29] Tìm thấy 20 tin.
2025-08-31 01:31:16,088 - INFO - Đang cào trang 35
2025-08-31 01:31:16,241 - INFO - [31] Tìm thấy 20 tin.
2025-08-31 01:31:16,243 - INFO - Đang cào trang 36
2025-08-31 01:31:16,420 - INFO - [33] Tìm thấy 20 tin.
2025-08-31 01:31:16,422 - INFO - Đang cào trang 37
2025-08-31 01:31:16,657 - INFO - [32] Tìm thấy 20 tin.
2025-08-31 01:31:16,668 - INFO - Đang cào trang 38
2025-08-31 01:31:16,823 - INFO - [34] Tìm thấy 20 tin.
2025-08-31 01:31:16,824 - INFO - Đang cào trang 39
2025-08-31 01:31:17,000 - INFO - [35] Tìm thấy 20 tin.
2025-08-31 01:31:17,006 - INFO - Đang cào trang 40
2025-08-31 01:31:17,150 - INFO - [36] Tìm thấy 20 tin.
2025-08-31 01:31:17,150 - INFO - Đang cào trang 41
2025-08-31 01:31:17,375 - INFO - [37] Tìm thấy 20 tin.
2025-08-31 01:31:17,377 - INFO - Đang cào trang 42
2025-08-31 01:31:17,377 - WARNING - [40] 403/AccessDenied (thử 1/3)
2025-08-31 01:31:17,539 - INFO - [38] Tìm thấy 20 tin.
2025-08-31 01:31:17,540 - INFO - Đang cào trang 43
2025-08-31 01:31:17,749 - INFO - [39] Tìm thấy 20 tin.
2025-08-31 01:31:17,752 - INFO - Đang cào trang 44
2025-08-31 01:31:17,903 - INFO - [41] Tìm thấy 20 tin.
2025-08-31 01:31:17,904 - INFO - Đang cào trang 45
2025-08-31 01:31:18,161 - INFO - [42] Tìm thấy 20 tin.
2025-08-31 01:31:18,162 - INFO - Đang cào trang 46
2025-08-31 01:31:18,395 - INFO - [43] Tìm thấy 20 tin.
2025-08-31 01:31:18,396 - INFO - Đang cào trang 47
2025-08-31 01:31:18,624 - INFO - [44] Tìm thấy 20 tin.
2025-08-31 01:31:18,634 - INFO - Đang cào trang 48
2025-08-31 01:31:18,687 - INFO - [45] Tìm thấy 20 tin.
2025-08-31 01:31:18,689 - INFO - Đang cào trang 49
2025-08-31 01:31:18,988 - INFO - [46] Tìm thấy 20 tin.
2025-08-31 01:31:18,989 - INFO - Đang cào trang 50
2025-08-31 01:31:19,190 - INFO - [47] Tìm thấy 20 tin.
2025-08-31 01:31:19,191 - INFO - Đang cào trang 51
2025-08-31 01:31:19,345 - INFO - [48] Tìm thấy 20 tin.
2025-08-31 01:31:19,347 - INFO - Đang cào trang 52
2025-08-31 01:31:19,586 - INFO - [49] Tìm thấy 20 tin.
2025-08-31 01:31:19,587 - INFO - Đang cào trang 53
2025-08-31 01:31:19,717 - INFO - [50] Tìm thấy 20 tin.
2025-08-31 01:31:19,718 - INFO - Đang cào trang 54
2025-08-31 01:31:20,003 - INFO - [51] Tìm thấy 20 tin.
2025-08-31 01:31:20,004 - INFO - Đang cào trang 55
2025-08-31 01:31:20,164 - INFO - [52] Tìm thấy 20 tin.
2025-08-31 01:31:20,165 - INFO - Đang cào trang 56
2025-08-31 01:31:20,351 - INFO - [53] Tìm thấy 20 tin.
2025-08-31 01:31:20,351 - INFO - Đang cào trang 57
2025-08-31 01:31:20,562 - INFO - [54] Tìm thấy 20 tin.
2025-08-31 01:31:20,563 - INFO - Đang cào trang 58
2025-08-31 01:31:20,781 - INFO - [55] Tìm thấy 20 tin.
2025-08-31 01:31:20,782 - INFO - Đang cào trang 59
2025-08-31 01:31:20,949 - INFO - [56] Tìm thấy 20 tin.
2025-08-31 01:31:20,949 - INFO - Đang cào trang 60
2025-08-31 01:31:21,309 - INFO - [58] Tìm thấy 20 tin.
2025-08-31 01:31:21,310 - INFO - Đang cào trang 61
2025-08-31 01:31:21,546 - INFO - [57] Tìm thấy 20 tin.
2025-08-31 01:31:21,558 - INFO - Đang cào trang 62
2025-08-31 01:31:21,690 - INFO - [40] Tìm thấy 20 tin.
2025-08-31 01:31:21,691 - INFO - Đang cào trang 63
2025-08-31 01:31:21,984 - INFO - [59] Tìm thấy 20 tin.
2025-08-31 01:31:21,987 - INFO - [60] Tìm thấy 20 tin.
2025-08-31 01:31:21,988 - INFO - Đang cào trang 64
2025-08-31 01:31:21,989 - INFO - Đang cào trang 65
2025-08-31 01:31:22,324 - INFO - [61] Tìm thấy 20 tin.
2025-08-31 01:31:22,325 - INFO - Đang cào trang 66
2025-08-31 01:31:22,471 - INFO - [62] Tìm thấy 20 tin.
2025-08-31 01:31:22,473 - INFO - Đang cào trang 67
2025-08-31 01:31:22,762 - INFO - [63] Tìm thấy 20 tin.
2025-08-31 01:31:22,773 - INFO - Đang cào trang 68
2025-08-31 01:31:22,836 - INFO - [64] Tìm thấy 20 tin.
2025-08-31 01:31:22,837 - INFO - Đang cào trang 69
2025-08-31 01:31:22,992 - INFO - [65] Tìm thấy 20 tin.
2025-08-31 01:31:22,993 - INFO - Đang cào trang 70
2025-08-31 01:31:23,232 - INFO - [66] Tìm thấy 20 tin.
2025-08-31 01:31:23,372 - INFO - [67] Tìm thấy 20 tin.
2025-08-31 01:31:23,566 - INFO - [68] Tìm thấy 5 tin.
2025-08-31 01:31:23,660 - WARNING - [69] Không có product-lists-web.
2025-08-31 01:31:23,794 - WARNING - [70] Không có product-lists-web.
2025-08-31 01:34:07,924 - INFO - === CÀO DỮ LIỆU THÔ HOÀN TẤT - 1345 TIN ===
2025-08-31 01:34:08,061 - INFO - Đã lưu 1345 dòng → /mnt/d/PHANTICHDULIEU/data/raw/bds_quan7_raw.csv
2025-08-31 01:34:08,061 - INFO - Bắt đầu làm sạch dữ liệu...
2025-08-31 01:34:08,078 - INFO - Hoàn tất làm sạch dữ liệu.
2025-08-31 01:34:08,126 - INFO - Đã lưu 1345 dòng → /mnt/d/PHANTICHDULIEU/data/GiaThueCanHoQ7.csv
2025-08-31 01:34:08,126 - INFO - === TOÀN BỘ QUÁ TRÌNH ĐÃ HOÀN TẤT ===
2025-08-31 01:43:14,681 - INFO - === BẮT ĐẦU QUÁ TRÌNH CÀO DỮ LIỆU ===
2025-08-31 01:43:14,681 - INFO - Đang cào trang 1
2025-08-31 01:43:14,682 - INFO - Đang cào trang 2
2025-08-31 01:43:14,682 - INFO - Đang cào trang 3
2025-08-31 01:43:14,683 - INFO - Đang cào trang 4
2025-08-31 01:43:14,683 - INFO - Đang cào trang 5
2025-08-31 01:43:15,208 - INFO - [1] Tìm thấy 20 tin.
2025-08-31 01:43:15,210 - INFO - Đang cào trang 6
2025-08-31 01:43:15,566 - INFO - [3] Tìm thấy 20 tin.
2025-08-31 01:43:15,573 - INFO - Đang cào trang 7
2025-08-31 01:43:15,754 - INFO - [5] Tìm thấy 20 tin.
2025-08-31 01:43:15,770 - INFO - Đang cào trang 8
2025-08-31 01:43:15,839 - INFO - [4] Tìm thấy 20 tin.
2025-08-31 01:43:15,845 - INFO - Đang cào trang 9
2025-08-31 01:43:15,965 - INFO - [2] Tìm thấy 20 tin.
2025-08-31 01:43:15,966 - INFO - Đang cào trang 10
2025-08-31 01:43:16,104 - INFO - [6] Tìm thấy 20 tin.
2025-08-31 01:43:16,106 - INFO - Đang cào trang 11
2025-08-31 01:43:16,321 - INFO - [7] Tìm thấy 20 tin.
2025-08-31 01:43:16,322 - INFO - Đang cào trang 12
2025-08-31 01:43:16,562 - INFO - [9] Tìm thấy 20 tin.
2025-08-31 01:43:16,567 - INFO - Đang cào trang 13
2025-08-31 01:43:16,593 - INFO - [8] Tìm thấy 20 tin.
2025-08-31 01:43:16,593 - INFO - Đang cào trang 14
2025-08-31 01:43:16,934 - INFO - [11] Tìm thấy 20 tin.
2025-08-31 01:43:16,934 - INFO - [10] Tìm thấy 20 tin.
2025-08-31 01:43:16,935 - INFO - Đang cào trang 15
2025-08-31 01:43:16,935 - INFO - Đang cào trang 16
2025-08-31 01:43:17,083 - INFO - [12] Tìm thấy 20 tin.
2025-08-31 01:43:17,084 - INFO - Đang cào trang 17
2025-08-31 01:43:17,409 - INFO - [13] Tìm thấy 20 tin.
2025-08-31 01:43:17,417 - INFO - Đang cào trang 18
2025-08-31 01:43:17,502 - INFO - [14] Tìm thấy 20 tin.
2025-08-31 01:43:17,505 - INFO - Đang cào trang 19
2025-08-31 01:43:17,783 - INFO - [16] Tìm thấy 20 tin.
2025-08-31 01:43:17,800 - INFO - Đang cào trang 20
2025-08-31 01:43:17,953 - INFO - [15] Tìm thấy 20 tin.
2025-08-31 01:43:17,970 - INFO - [17] Tìm thấy 20 tin.
2025-08-31 01:43:17,971 - INFO - Đang cào trang 21
2025-08-31 01:43:17,972 - INFO - Đang cào trang 22
2025-08-31 01:43:18,256 - INFO - [19] Tìm thấy 20 tin.
2025-08-31 01:43:18,267 - INFO - Đang cào trang 23
2025-08-31 01:43:18,316 - INFO - [18] Tìm thấy 20 tin.
2025-08-31 01:43:18,318 - INFO - Đang cào trang 24
2025-08-31 01:43:18,543 - INFO - [20] Tìm thấy 20 tin.
2025-08-31 01:43:18,544 - INFO - Đang cào trang 25
2025-08-31 01:43:18,776 - INFO - [21] Tìm thấy 20 tin.
2025-08-31 01:43:18,782 - INFO - Đang cào trang 26
2025-08-31 01:43:18,891 - INFO - [22] Tìm thấy 20 tin.
2025-08-31 01:43:18,892 - INFO - Đang cào trang 27
2025-08-31 01:43:19,188 - INFO - [24] Tìm thấy 20 tin.
2025-08-31 01:43:19,204 - INFO - Đang cào trang 28
2025-08-31 01:43:19,223 - INFO - [23] Tìm thấy 20 tin.
2025-08-31 01:43:19,224 - INFO - Đang cào trang 29
2025-08-31 01:43:19,370 - INFO - [25] Tìm thấy 20 tin.
2025-08-31 01:43:19,371 - INFO - Đang cào trang 30
2025-08-31 01:43:19,569 - INFO - [26] Tìm thấy 20 tin.
2025-08-31 01:43:19,575 - INFO - Đang cào trang 31
2025-08-31 01:43:19,712 - INFO - [27] Tìm thấy 20 tin.
2025-08-31 01:43:19,713 - INFO - Đang cào trang 32
2025-08-31 01:43:20,043 - INFO - [29] Tìm thấy 20 tin.
2025-08-31 01:43:20,043 - INFO - [28] Tìm thấy 20 tin.
2025-08-31 01:43:20,044 - INFO - Đang cào trang 33
2025-08-31 01:43:20,045 - INFO - Đang cào trang 34
2025-08-31 01:43:20,197 - INFO - [31] Tìm thấy 20 tin.
2025-08-31 01:43:20,198 - INFO - Đang cào trang 35
2025-08-31 01:43:20,400 - INFO - [32] Tìm thấy 20 tin.
2025-08-31 01:43:20,401 - INFO - Đang cào trang 36
2025-08-31 01:43:20,594 - INFO - [34] Tìm thấy 20 tin.
2025-08-31 01:43:20,595 - INFO - Đang cào trang 37
2025-08-31 01:43:20,805 - INFO - [33] Tìm thấy 20 tin.
2025-08-31 01:43:20,811 - INFO - Đang cào trang 38
2025-08-31 01:43:20,942 - INFO - [35] Tìm thấy 20 tin.
2025-08-31 01:43:20,943 - INFO - Đang cào trang 39
2025-08-31 01:43:21,206 - INFO - [30] Tìm thấy 20 tin.
2025-08-31 01:43:21,211 - INFO - Đang cào trang 40
2025-08-31 01:43:21,225 - INFO - [36] Tìm thấy 20 tin.
2025-08-31 01:43:21,226 - INFO - Đang cào trang 41
2025-08-31 01:43:21,429 - INFO - [37] Tìm thấy 20 tin.
2025-08-31 01:43:21,431 - INFO - Đang cào trang 42
2025-08-31 01:43:21,702 - INFO - [39] Tìm thấy 20 tin.
2025-08-31 01:43:21,709 - INFO - Đang cào trang 43
2025-08-31 01:43:21,780 - INFO - [38] Tìm thấy 20 tin.
2025-08-31 01:43:21,780 - INFO - Đang cào trang 44
2025-08-31 01:43:22,014 - INFO - [41] Tìm thấy 20 tin.
2025-08-31 01:43:22,026 - INFO - Đang cào trang 45
2025-08-31 01:43:22,066 - INFO - [40] Tìm thấy 20 tin.
2025-08-31 01:43:22,067 - INFO - Đang cào trang 46
2025-08-31 01:43:22,268 - INFO - [42] Tìm thấy 20 tin.
2025-08-31 01:43:22,270 - INFO - Đang cào trang 47
2025-08-31 01:43:22,419 - INFO - [43] Tìm thấy 20 tin.
2025-08-31 01:43:22,420 - INFO - Đang cào trang 48
2025-08-31 01:43:22,695 - INFO - [44] Tìm thấy 20 tin.
2025-08-31 01:43:22,712 - INFO - Đang cào trang 49
2025-08-31 01:43:22,766 - INFO - [45] Tìm thấy 20 tin.
2025-08-31 01:43:22,769 - INFO - Đang cào trang 50
2025-08-31 01:43:22,916 - INFO - [46] Tìm thấy 20 tin.
2025-08-31 01:43:22,917 - INFO - Đang cào trang 51
2025-08-31 01:43:23,066 - INFO - [47] Tìm thấy 20 tin.
2025-08-31 01:43:23,067 - INFO - Đang cào trang 52
2025-08-31 01:43:23,300 - INFO - [48] Tìm thấy 20 tin.
2025-08-31 01:43:23,301 - INFO - Đang cào trang 53
2025-08-31 01:43:23,613 - INFO - [49] Tìm thấy 20 tin.
2025-08-31 01:43:23,620 - INFO - Đang cào trang 54
2025-08-31 01:43:23,627 - INFO - [50] Tìm thấy 20 tin.
2025-08-31 01:43:23,628 - INFO - Đang cào trang 55
2025-08-31 01:43:23,870 - INFO - [52] Tìm thấy 20 tin.
2025-08-31 01:43:23,875 - INFO - Đang cào trang 56
2025-08-31 01:43:23,920 - INFO - [51] Tìm thấy 20 tin.
2025-08-31 01:43:23,921 - INFO - Đang cào trang 57
2025-08-31 01:43:24,161 - INFO - [53] Tìm thấy 20 tin.
2025-08-31 01:43:24,162 - INFO - Đang cào trang 58
2025-08-31 01:43:24,427 - INFO - [55] Tìm thấy 20 tin.
2025-08-31 01:43:24,438 - INFO - Đang cào trang 59
2025-08-31 01:43:24,445 - INFO - [54] Tìm thấy 20 tin.
2025-08-31 01:43:24,447 - INFO - Đang cào trang 60
2025-08-31 01:43:24,654 - INFO - [56] Tìm thấy 20 tin.
2025-08-31 01:43:24,655 - INFO - Đang cào trang 61
2025-08-31 01:43:24,803 - INFO - [57] Tìm thấy 20 tin.
2025-08-31 01:43:24,804 - INFO - Đang cào trang 62
2025-08-31 01:43:24,999 - INFO - [58] Tìm thấy 20 tin.
2025-08-31 01:43:25,000 - INFO - Đang cào trang 63
2025-08-31 01:43:25,287 - INFO - [59] Tìm thấy 20 tin.
2025-08-31 01:43:25,287 - INFO - [60] Tìm thấy 20 tin.
2025-08-31 01:43:25,289 - INFO - Đang cào trang 64
2025-08-31 01:43:25,290 - INFO - Đang cào trang 65
2025-08-31 01:43:25,596 - INFO - [61] Tìm thấy 20 tin.
2025-08-31 01:43:25,603 - INFO - Đang cào trang 66
2025-08-31 01:43:25,655 - INFO - [62] Tìm thấy 20 tin.
2025-08-31 01:43:25,656 - INFO - Đang cào trang 67
2025-08-31 01:43:25,797 - INFO - [63] Tìm thấy 20 tin.
2025-08-31 01:43:25,798 - INFO - Đang cào trang 68
2025-08-31 01:43:26,012 - INFO - [65] Tìm thấy 20 tin.
2025-08-31 01:43:26,013 - INFO - Đang cào trang 69
2025-08-31 01:43:26,277 - INFO - [66] Tìm thấy 20 tin.
2025-08-31 01:43:26,288 - INFO - Đang cào trang 70
2025-08-31 01:43:26,429 - INFO - [64] Tìm thấy 20 tin.
2025-08-31 01:43:26,536 - INFO - [68] Tìm thấy 5 tin.
2025-08-31 01:43:26,639 - INFO - [67] Tìm thấy 20 tin.
2025-08-31 01:43:26,804 - WARNING - [69] Không có product-lists-web.
2025-08-31 01:43:26,923 - WARNING - [70] Không có product-lists-web.
2025-08-31 01:46:06,987 - INFO - === CÀO DỮ LIỆU THÔ HOÀN TẤT - 1345 TIN ===
2025-08-31 01:46:07,032 - INFO - Đã lưu 1345 dòng → /mnt/d/PHANTICHDULIEU/data/raw/bds_quan7_raw.csv
2025-08-31 01:46:07,033 - INFO - Bắt đầu làm sạch dữ liệu...
2025-08-31 01:46:07,052 - INFO - Hoàn tất làm sạch dữ liệu.
2025-08-31 01:46:07,073 - INFO - Đã lưu 1345 dòng → /mnt/d/PHANTICHDULIEU/data/GiaThueCanHoQ7.csv
2025-08-31 01:46:07,073 - INFO - === TOÀN BỘ QUÁ TRÌNH ĐÃ HOÀN TẤT ===
2025-08-31 10:02:02,493 - INFO - === BẮT ĐẦU QUÁ TRÌNH CÀO DỮ LIỆU ===
2025-08-31 10:02:02,494 - INFO - Đang cào trang 1
2025-08-31 10:02:02,494 - INFO - Đang cào trang 2
2025-08-31 10:02:02,495 - INFO - Đang cào trang 3
2025-08-31 10:02:02,495 - INFO - Đang cào trang 4
2025-08-31 10:02:02,496 - INFO - Đang cào trang 5
2025-08-31 10:02:03,084 - INFO - [1] Tìm thấy 20 tin.
2025-08-31 10:02:03,085 - INFO - Đang cào trang 6
2025-08-31 10:02:03,416 - INFO - [5] Tìm thấy 20 tin.
2025-08-31 10:02:03,433 - INFO - Đang cào trang 7
2025-08-31 10:02:03,577 - INFO - [3] Tìm thấy 20 tin.
2025-08-31 10:02:03,588 - INFO - Đang cào trang 8
2025-08-31 10:02:03,592 - INFO - [2] Tìm thấy 20 tin.
2025-08-31 10:02:03,615 - INFO - Đang cào trang 9
2025-08-31 10:02:03,829 - INFO - [4] Tìm thấy 20 tin.
2025-08-31 10:02:03,830 - INFO - Đang cào trang 10
2025-08-31 10:02:03,995 - INFO - [6] Tìm thấy 20 tin.
2025-08-31 10:02:03,995 - INFO - Đang cào trang 11
2025-08-31 10:02:04,302 - INFO - [7] Tìm thấy 20 tin.
2025-08-31 10:02:04,303 - INFO - Đang cào trang 12
2025-08-31 10:02:04,626 - INFO - [8] Tìm thấy 20 tin.
2025-08-31 10:02:04,643 - INFO - Đang cào trang 13
2025-08-31 10:02:04,786 - INFO - [9] Tìm thấy 20 tin.
2025-08-31 10:02:04,800 - INFO - Đang cào trang 14
2025-08-31 10:02:04,902 - INFO - [10] Tìm thấy 20 tin.
2025-08-31 10:02:04,918 - INFO - Đang cào trang 15
2025-08-31 10:02:05,014 - INFO - [11] Tìm thấy 20 tin.
2025-08-31 10:02:05,015 - INFO - Đang cào trang 16
2025-08-31 10:02:05,167 - INFO - [12] Tìm thấy 20 tin.
2025-08-31 10:02:05,168 - INFO - Đang cào trang 17
2025-08-31 10:02:05,616 - INFO - [13] Tìm thấy 20 tin.
2025-08-31 10:02:05,617 - INFO - Đang cào trang 18
2025-08-31 10:02:05,820 - INFO - [14] Tìm thấy 20 tin.
2025-08-31 10:02:05,837 - INFO - Đang cào trang 19
2025-08-31 10:02:06,076 - INFO - [15] Tìm thấy 20 tin.
2025-08-31 10:02:06,103 - INFO - Đang cào trang 20
2025-08-31 10:02:06,117 - INFO - [16] Tìm thấy 20 tin.
2025-08-31 10:02:06,139 - INFO - Đang cào trang 21
2025-08-31 10:02:06,287 - INFO - [17] Tìm thấy 20 tin.
2025-08-31 10:02:06,287 - INFO - Đang cào trang 22
2025-08-31 10:02:06,494 - INFO - [18] Tìm thấy 20 tin.
2025-08-31 10:02:06,495 - INFO - Đang cào trang 23
2025-08-31 10:02:06,688 - INFO - [19] Tìm thấy 20 tin.
2025-08-31 10:02:06,689 - INFO - Đang cào trang 24
2025-08-31 10:02:06,970 - INFO - [20] Tìm thấy 20 tin.
2025-08-31 10:02:06,981 - INFO - Đang cào trang 25
2025-08-31 10:02:07,068 - INFO - [21] Tìm thấy 20 tin.
2025-08-31 10:02:07,070 - INFO - Đang cào trang 26
2025-08-31 10:02:07,261 - INFO - [22] Tìm thấy 20 tin.
2025-08-31 10:02:07,272 - INFO - Đang cào trang 27
2025-08-31 10:02:07,436 - INFO - [23] Tìm thấy 20 tin.
2025-08-31 10:02:07,437 - INFO - Đang cào trang 28
2025-08-31 10:02:07,579 - INFO - [24] Tìm thấy 20 tin.
2025-08-31 10:02:07,581 - INFO - Đang cào trang 29
2025-08-31 10:02:07,785 - INFO - [25] Tìm thấy 20 tin.
2025-08-31 10:02:07,796 - INFO - Đang cào trang 30
2025-08-31 10:02:07,980 - INFO - [26] Tìm thấy 20 tin.
2025-08-31 10:02:07,981 - INFO - Đang cào trang 31
2025-08-31 10:02:08,128 - INFO - [27] Tìm thấy 20 tin.
2025-08-31 10:02:08,134 - INFO - Đang cào trang 32
2025-08-31 10:02:08,436 - INFO - [28] Tìm thấy 20 tin.
2025-08-31 10:02:08,448 - INFO - Đang cào trang 33
2025-08-31 10:02:08,609 - INFO - [29] Tìm thấy 20 tin.
2025-08-31 10:02:08,622 - INFO - Đang cào trang 34
2025-08-31 10:02:08,736 - INFO - [30] Tìm thấy 20 tin.
2025-08-31 10:02:08,736 - INFO - Đang cào trang 35
2025-08-31 10:02:08,997 - INFO - [31] Tìm thấy 20 tin.
2025-08-31 10:02:08,998 - INFO - Đang cào trang 36
2025-08-31 10:02:09,152 - INFO - [32] Tìm thấy 20 tin.
2025-08-31 10:02:09,154 - INFO - Đang cào trang 37
2025-08-31 10:02:09,312 - INFO - [33] Tìm thấy 20 tin.
2025-08-31 10:02:09,313 - INFO - Đang cào trang 38
2025-08-31 10:02:09,664 - INFO - [34] Tìm thấy 20 tin.
2025-08-31 10:02:09,675 - INFO - Đang cào trang 39
2025-08-31 10:02:09,737 - INFO - [35] Tìm thấy 20 tin.
2025-08-31 10:02:09,738 - INFO - Đang cào trang 40
2025-08-31 10:02:09,898 - INFO - [36] Tìm thấy 20 tin.
2025-08-31 10:02:09,900 - INFO - Đang cào trang 41
2025-08-31 10:02:10,160 - INFO - [37] Tìm thấy 20 tin.
2025-08-31 10:02:10,171 - INFO - Đang cào trang 42
2025-08-31 10:02:10,296 - INFO - [38] Tìm thấy 20 tin.
2025-08-31 10:02:10,298 - INFO - Đang cào trang 43
2025-08-31 10:02:10,654 - INFO - [40] Tìm thấy 20 tin.
2025-08-31 10:02:10,683 - INFO - Đang cào trang 44
2025-08-31 10:02:10,701 - INFO - [39] Tìm thấy 20 tin.
2025-08-31 10:02:10,701 - INFO - Đang cào trang 45
2025-08-31 10:02:10,930 - INFO - [41] Tìm thấy 20 tin.
2025-08-31 10:02:10,930 - INFO - Đang cào trang 46
2025-08-31 10:02:11,237 - INFO - [42] Tìm thấy 20 tin.
2025-08-31 10:02:11,238 - INFO - Đang cào trang 47
2025-08-31 10:02:11,424 - INFO - [43] Tìm thấy 20 tin.
2025-08-31 10:02:11,425 - INFO - Đang cào trang 48
2025-08-31 10:02:11,742 - INFO - [44] Tìm thấy 20 tin.
2025-08-31 10:02:11,753 - INFO - Đang cào trang 49
2025-08-31 10:02:11,828 - INFO - [45] Tìm thấy 20 tin.
2025-08-31 10:02:11,865 - INFO - Đang cào trang 50
2025-08-31 10:02:12,033 - INFO - [46] Tìm thấy 20 tin.
2025-08-31 10:02:12,039 - INFO - Đang cào trang 51
2025-08-31 10:02:12,181 - INFO - [47] Tìm thấy 20 tin.
2025-08-31 10:02:12,182 - INFO - Đang cào trang 52
2025-08-31 10:02:12,491 - INFO - [48] Tìm thấy 20 tin.
2025-08-31 10:02:12,492 - INFO - Đang cào trang 53
2025-08-31 10:02:12,785 - INFO - [50] Tìm thấy 20 tin.
2025-08-31 10:02:12,797 - INFO - Đang cào trang 54
2025-08-31 10:02:12,924 - INFO - [49] Tìm thấy 20 tin.
2025-08-31 10:02:12,925 - INFO - Đang cào trang 55
2025-08-31 10:02:13,224 - INFO - [51] Tìm thấy 20 tin.
2025-08-31 10:02:13,235 - INFO - Đang cào trang 56
2025-08-31 10:02:13,237 - INFO - [52] Tìm thấy 20 tin.
2025-08-31 10:02:13,238 - INFO - Đang cào trang 57
2025-08-31 10:02:13,481 - INFO - [53] Tìm thấy 20 tin.
2025-08-31 10:02:13,482 - INFO - Đang cào trang 58
2025-08-31 10:02:13,811 - INFO - [54] Tìm thấy 20 tin.
2025-08-31 10:02:13,823 - INFO - Đang cào trang 59
2025-08-31 10:02:13,906 - INFO - [55] Tìm thấy 20 tin.
2025-08-31 10:02:13,907 - INFO - Đang cào trang 60
2025-08-31 10:02:14,221 - INFO - [57] Tìm thấy 20 tin.
2025-08-31 10:02:14,222 - INFO - Đang cào trang 61
2025-08-31 10:02:14,452 - INFO - [58] Tìm thấy 20 tin.
2025-08-31 10:02:14,463 - INFO - Đang cào trang 62
2025-08-31 10:02:14,610 - INFO - [56] Tìm thấy 20 tin.
2025-08-31 10:02:14,614 - INFO - Đang cào trang 63
2025-08-31 10:02:14,895 - INFO - [60] Tìm thấy 20 tin.
2025-08-31 10:02:14,906 - INFO - Đang cào trang 64
2025-08-31 10:02:14,912 - INFO - [59] Tìm thấy 20 tin.
2025-08-31 10:02:14,914 - INFO - Đang cào trang 65
2025-08-31 10:02:15,196 - INFO - [61] Tìm thấy 20 tin.
2025-08-31 10:02:15,197 - INFO - Đang cào trang 66
2025-08-31 10:02:15,359 - INFO - [62] Tìm thấy 20 tin.
2025-08-31 10:02:15,359 - INFO - Đang cào trang 67
2025-08-31 10:02:15,531 - INFO - [63] Tìm thấy 20 tin.
2025-08-31 10:02:15,533 - INFO - Đang cào trang 68
2025-08-31 10:02:15,838 - WARNING - [65] Không có product-lists-web.
2025-08-31 10:02:15,849 - INFO - Đang cào trang 69
2025-08-31 10:02:15,881 - INFO - [64] Tìm thấy 12 tin.
2025-08-31 10:02:15,881 - INFO - Đang cào trang 70
2025-08-31 10:02:16,092 - WARNING - [66] Không có product-lists-web.
2025-08-31 10:02:16,263 - WARNING - [67] Không có product-lists-web.
2025-08-31 10:02:16,382 - WARNING - [68] Không có product-lists-web.
2025-08-31 10:02:16,582 - WARNING - [69] Không có product-lists-web.
2025-08-31 10:02:16,794 - WARNING - [70] Không có product-lists-web.
2025-08-31 10:05:00,701 - INFO - === CÀO DỮ LIỆU THÔ HOÀN TẤT - 1272 TIN ===
2025-08-31 10:05:00,776 - INFO - Đã lưu 1272 dòng → /mnt/d/PHANTICHDULIEU/data/raw/bds_quan7_raw.csv
2025-08-31 10:05:00,776 - INFO - Bắt đầu làm sạch dữ liệu...
2025-08-31 10:05:00,793 - INFO - Hoàn tất làm sạch dữ liệu.
2025-08-31 10:05:00,838 - INFO - Đã lưu 1272 dòng → /mnt/d/PHANTICHDULIEU/data/GiaThueCanHoQ7.csv
2025-08-31 10:05:00,838 - INFO - === TOÀN BỘ QUÁ TRÌNH ĐÃ HOÀN TẤT ===
2025-08-31 10:09:13,694 - INFO - === BẮT ĐẦU QUÁ TRÌNH CÀO DỮ LIỆU ===
2025-08-31 10:09:13,694 - INFO - Đang cào trang 1
2025-08-31 10:09:13,695 - INFO - Đang cào trang 2
2025-08-31 10:09:13,695 - INFO - Đang cào trang 3
2025-08-31 10:09:13,696 - INFO - Đang cào trang 4
2025-08-31 10:09:13,696 - INFO - Đang cào trang 5
2025-08-31 10:09:14,236 - INFO - [1] Tìm thấy 20 tin.
2025-08-31 10:09:14,237 - INFO - Đang cào trang 6
2025-08-31 10:09:14,544 - INFO - [4] Tìm thấy 20 tin.
2025-08-31 10:09:14,555 - INFO - Đang cào trang 7
2025-08-31 10:09:14,673 - INFO - [3] Tìm thấy 20 tin.
2025-08-31 10:09:14,700 - INFO - Đang cào trang 8
2025-08-31 10:09:14,831 - INFO - [2] Tìm thấy 20 tin.
2025-08-31 10:09:14,842 - INFO - Đang cào trang 9
2025-08-31 10:09:14,950 - INFO - [5] Tìm thấy 20 tin.
2025-08-31 10:09:14,950 - INFO - Đang cào trang 10
2025-08-31 10:09:15,084 - INFO - [6] Tìm thấy 20 tin.
2025-08-31 10:09:15,084 - INFO - Đang cào trang 11
2025-08-31 10:09:15,536 - INFO - [8] Tìm thấy 20 tin.
2025-08-31 10:09:15,542 - INFO - Đang cào trang 12
2025-08-31 10:09:15,583 - INFO - [7] Tìm thấy 20 tin.
2025-08-31 10:09:15,585 - INFO - Đang cào trang 13
2025-08-31 10:09:15,984 - INFO - [11] Tìm thấy 20 tin.
2025-08-31 10:09:16,015 - INFO - [10] Tìm thấy 20 tin.
2025-08-31 10:09:16,016 - INFO - Đang cào trang 14
2025-08-31 10:09:16,027 - INFO - Đang cào trang 15
2025-08-31 10:09:16,061 - INFO - [9] Tìm thấy 20 tin.
2025-08-31 10:09:16,064 - INFO - Đang cào trang 16
2025-08-31 10:09:16,374 - INFO - [12] Tìm thấy 20 tin.
2025-08-31 10:09:16,375 - INFO - Đang cào trang 17
2025-08-31 10:09:16,595 - INFO - [13] Tìm thấy 20 tin.
2025-08-31 10:09:16,596 - INFO - Đang cào trang 18
2025-08-31 10:09:16,850 - INFO - [15] Tìm thấy 20 tin.
2025-08-31 10:09:16,908 - INFO - Đang cào trang 19
2025-08-31 10:09:16,936 - INFO - [14] Tìm thấy 20 tin.
2025-08-31 10:09:16,947 - INFO - Đang cào trang 20
2025-08-31 10:09:17,084 - INFO - [16] Tìm thấy 20 tin.
2025-08-31 10:09:17,086 - INFO - Đang cào trang 21
2025-08-31 10:09:17,235 - INFO - [17] Tìm thấy 20 tin.
2025-08-31 10:09:17,236 - INFO - Đang cào trang 22
2025-08-31 10:09:17,460 - INFO - [18] Tìm thấy 20 tin.
2025-08-31 10:09:17,460 - INFO - Đang cào trang 23
2025-08-31 10:09:17,727 - INFO - [20] Tìm thấy 20 tin.
2025-08-31 10:09:17,743 - INFO - Đang cào trang 24
2025-08-31 10:09:17,753 - INFO - [19] Tìm thấy 20 tin.
2025-08-31 10:09:17,755 - INFO - Đang cào trang 25
2025-08-31 10:09:17,973 - INFO - [21] Tìm thấy 20 tin.
2025-08-31 10:09:17,974 - INFO - Đang cào trang 26
2025-08-31 10:09:18,125 - INFO - [22] Tìm thấy 20 tin.
2025-08-31 10:09:18,136 - INFO - Đang cào trang 27
2025-08-31 10:09:18,333 - INFO - [23] Tìm thấy 20 tin.
2025-08-31 10:09:18,334 - INFO - Đang cào trang 28
2025-08-31 10:09:18,498 - INFO - [24] Tìm thấy 20 tin.
2025-08-31 10:09:18,515 - INFO - Đang cào trang 29
2025-08-31 10:09:18,804 - INFO - [26] Tìm thấy 20 tin.
2025-08-31 10:09:18,809 - INFO - Đang cào trang 30
2025-08-31 10:09:18,838 - INFO - [25] Tìm thấy 20 tin.
2025-08-31 10:09:18,841 - INFO - Đang cào trang 31
2025-08-31 10:09:19,090 - INFO - [27] Tìm thấy 20 tin.
2025-08-31 10:09:19,101 - INFO - Đang cào trang 32
2025-08-31 10:09:19,156 - INFO - [28] Tìm thấy 20 tin.
2025-08-31 10:09:19,157 - INFO - Đang cào trang 33
2025-08-31 10:09:19,397 - INFO - [29] Tìm thấy 20 tin.
2025-08-31 10:09:19,398 - INFO - Đang cào trang 34
2025-08-31 10:09:19,588 - INFO - [31] Tìm thấy 20 tin.
2025-08-31 10:09:19,600 - INFO - Đang cào trang 35
2025-08-31 10:09:19,747 - INFO - [30] Tìm thấy 20 tin.
2025-08-31 10:09:19,748 - INFO - Đang cào trang 36
2025-08-31 10:09:20,054 - INFO - [32] Tìm thấy 20 tin.
2025-08-31 10:09:20,066 - INFO - Đang cào trang 37
2025-08-31 10:09:20,071 - INFO - [33] Tìm thấy 20 tin.
2025-08-31 10:09:20,073 - INFO - Đang cào trang 38
2025-08-31 10:09:20,337 - INFO - [34] Tìm thấy 20 tin.
2025-08-31 10:09:20,338 - INFO - Đang cào trang 39
2025-08-31 10:09:20,568 - INFO - [35] Tìm thấy 20 tin.
2025-08-31 10:09:20,595 - INFO - Đang cào trang 40
2025-08-31 10:09:20,643 - INFO - [36] Tìm thấy 20 tin.
2025-08-31 10:09:20,644 - INFO - Đang cào trang 41
2025-08-31 10:09:21,024 - INFO - [38] Tìm thấy 20 tin.
2025-08-31 10:09:21,034 - INFO - [37] Tìm thấy 20 tin.
2025-08-31 10:09:21,035 - INFO - Đang cào trang 42
2025-08-31 10:09:21,035 - INFO - Đang cào trang 43
2025-08-31 10:09:21,250 - INFO - [39] Tìm thấy 20 tin.
2025-08-31 10:09:21,251 - INFO - Đang cào trang 44
2025-08-31 10:09:21,422 - INFO - [40] Tìm thấy 20 tin.
2025-08-31 10:09:21,422 - INFO - Đang cào trang 45
2025-08-31 10:09:21,592 - INFO - [41] Tìm thấy 20 tin.
2025-08-31 10:09:21,593 - INFO - Đang cào trang 46
2025-08-31 10:09:21,879 - INFO - [43] Tìm thấy 20 tin.
2025-08-31 10:09:21,885 - INFO - Đang cào trang 47
2025-08-31 10:09:21,961 - INFO - [42] Tìm thấy 20 tin.
2025-08-31 10:09:21,967 - INFO - Đang cào trang 48
2025-08-31 10:09:22,272 - INFO - [44] Tìm thấy 20 tin.
2025-08-31 10:09:22,284 - INFO - Đang cào trang 49
2025-08-31 10:09:22,334 - INFO - [45] Tìm thấy 20 tin.
2025-08-31 10:09:22,335 - INFO - Đang cào trang 50
2025-08-31 10:09:22,482 - INFO - [46] Tìm thấy 20 tin.
2025-08-31 10:09:22,485 - INFO - Đang cào trang 51
2025-08-31 10:09:22,820 - INFO - [47] Tìm thấy 20 tin.
2025-08-31 10:09:22,831 - INFO - Đang cào trang 52
2025-08-31 10:09:22,855 - INFO - [48] Tìm thấy 20 tin.
2025-08-31 10:09:22,863 - INFO - Đang cào trang 53
2025-08-31 10:09:23,141 - INFO - [49] Tìm thấy 20 tin.
2025-08-31 10:09:23,210 - INFO - Đang cào trang 54
2025-08-31 10:09:23,258 - INFO - [50] Tìm thấy 20 tin.
2025-08-31 10:09:23,259 - INFO - Đang cào trang 55
2025-08-31 10:09:23,407 - INFO - [51] Tìm thấy 20 tin.
2025-08-31 10:09:23,408 - INFO - Đang cào trang 56
2025-08-31 10:09:23,545 - INFO - [52] Tìm thấy 20 tin.
2025-08-31 10:09:23,546 - INFO - Đang cào trang 57
2025-08-31 10:09:23,779 - INFO - [53] Tìm thấy 20 tin.
2025-08-31 10:09:23,780 - INFO - Đang cào trang 58
2025-08-31 10:09:24,100 - INFO - [54] Tìm thấy 20 tin.
2025-08-31 10:09:24,104 - INFO - [55] Tìm thấy 20 tin.
2025-08-31 10:09:24,105 - INFO - Đang cào trang 59
2025-08-31 10:09:24,106 - INFO - Đang cào trang 60
2025-08-31 10:09:24,464 - INFO - [57] Tìm thấy 20 tin.
2025-08-31 10:09:24,472 - INFO - [56] Tìm thấy 20 tin.
2025-08-31 10:09:24,472 - INFO - Đang cào trang 61
2025-08-31 10:09:24,473 - INFO - Đang cào trang 62
2025-08-31 10:09:24,705 - INFO - [58] Tìm thấy 20 tin.
2025-08-31 10:09:24,705 - INFO - Đang cào trang 63
2025-08-31 10:09:24,955 - INFO - [60] Tìm thấy 20 tin.
2025-08-31 10:09:24,961 - INFO - Đang cào trang 64
2025-08-31 10:09:24,993 - INFO - [59] Tìm thấy 20 tin.
2025-08-31 10:09:24,993 - INFO - Đang cào trang 65
2025-08-31 10:09:25,308 - INFO - [62] Tìm thấy 20 tin.
2025-08-31 10:09:25,314 - INFO - Đang cào trang 66
2025-08-31 10:09:25,387 - INFO - [61] Tìm thấy 20 tin.
2025-08-31 10:09:25,388 - INFO - Đang cào trang 67
2025-08-31 10:09:25,537 - INFO - [63] Tìm thấy 20 tin.
2025-08-31 10:09:25,539 - INFO - Đang cào trang 68
2025-08-31 10:09:25,814 - WARNING - [65] Không có product-lists-web.
2025-08-31 10:09:25,836 - INFO - Đang cào trang 69
2025-08-31 10:09:25,858 - INFO - [64] Tìm thấy 12 tin.
2025-08-31 10:09:25,859 - INFO - Đang cào trang 70
2025-08-31 10:09:25,989 - WARNING - [66] Không có product-lists-web.
2025-08-31 10:09:26,167 - WARNING - [67] Không có product-lists-web.
2025-08-31 10:09:26,302 - WARNING - [68] Không có product-lists-web.
2025-08-31 10:09:26,502 - WARNING - [70] Không có product-lists-web.
2025-08-31 10:09:26,593 - WARNING - [69] Không có product-lists-web.
2025-08-31 10:12:13,901 - INFO - === CÀO DỮ LIỆU THÔ HOÀN TẤT - 1272 TIN ===
2025-08-31 10:12:13,945 - INFO - Đã lưu 1272 dòng → /mnt/d/PHANTICHDULIEU/data/raw/bds_quan7_raw.csv
2025-08-31 10:12:13,946 - INFO - Bắt đầu làm sạch dữ liệu...
2025-08-31 10:12:13,977 - INFO - Hoàn tất làm sạch dữ liệu.
2025-08-31 10:12:14,005 - INFO - Đã lưu 1272 dòng → /mnt/d/PHANTICHDULIEU/data/GiaThueCanHoQ7.csv
2025-08-31 10:12:14,005 - INFO - === TOÀN BỘ QUÁ TRÌNH ĐÃ HOÀN TẤT ===
2025-09-01 03:14:00,960 - INFO - === BẮT ĐẦU QUÁ TRÌNH CÀO DỮ LIỆU ===
2025-09-01 03:14:00,961 - INFO - Đang cào trang 1
2025-09-01 03:14:00,962 - INFO - Đang cào trang 2
2025-09-01 03:14:00,962 - INFO - Đang cào trang 3
2025-09-01 03:14:00,962 - INFO - Đang cào trang 4
2025-09-01 03:14:00,963 - INFO - Đang cào trang 5
2025-09-01 03:14:01,596 - INFO - [1] Tìm thấy 20 tin.
2025-09-01 03:14:01,596 - INFO - Đang cào trang 6
2025-09-01 03:14:02,008 - INFO - [4] Tìm thấy 20 tin.
2025-09-01 03:14:02,026 - INFO - Đang cào trang 7
2025-09-01 03:14:02,115 - INFO - [5] Tìm thấy 20 tin.
2025-09-01 03:14:02,116 - INFO - Đang cào trang 8
2025-09-01 03:14:02,444 - INFO - [2] Tìm thấy 20 tin.
2025-09-01 03:14:02,467 - INFO - Đang cào trang 9
2025-09-01 03:14:02,542 - INFO - [3] Tìm thấy 20 tin.
2025-09-01 03:14:02,543 - INFO - Đang cào trang 10
2025-09-01 03:14:02,699 - INFO - [6] Tìm thấy 20 tin.
2025-09-01 03:14:02,700 - INFO - Đang cào trang 11
2025-09-01 03:14:03,150 - INFO - [7] Tìm thấy 20 tin.
2025-09-01 03:14:03,151 - INFO - Đang cào trang 12
2025-09-01 03:14:03,313 - INFO - [8] Tìm thấy 20 tin.
2025-09-01 03:14:03,314 - INFO - Đang cào trang 13
2025-09-01 03:14:03,673 - INFO - [9] Tìm thấy 20 tin.
2025-09-01 03:14:03,679 - INFO - Đang cào trang 14
2025-09-01 03:14:03,688 - INFO - [10] Tìm thấy 20 tin.
2025-09-01 03:14:03,689 - INFO - Đang cào trang 15
2025-09-01 03:14:03,852 - INFO - [11] Tìm thấy 20 tin.
2025-09-01 03:14:03,853 - INFO - Đang cào trang 16
2025-09-01 03:14:04,084 - INFO - [12] Tìm thấy 20 tin.
2025-09-01 03:14:04,085 - INFO - Đang cào trang 17
2025-09-01 03:14:04,401 - INFO - [13] Tìm thấy 20 tin.
2025-09-01 03:14:04,403 - INFO - Đang cào trang 18
2025-09-01 03:14:04,657 - INFO - [14] Tìm thấy 20 tin.
2025-09-01 03:14:04,669 - INFO - Đang cào trang 19
2025-09-01 03:14:04,780 - INFO - [15] Tìm thấy 20 tin.
2025-09-01 03:14:04,781 - INFO - Đang cào trang 20
2025-09-01 03:14:05,009 - INFO - [16] Tìm thấy 20 tin.
2025-09-01 03:14:05,020 - INFO - Đang cào trang 21
2025-09-01 03:14:05,094 - INFO - [17] Tìm thấy 20 tin.
2025-09-01 03:14:05,094 - INFO - Đang cào trang 22
2025-09-01 03:14:05,347 - INFO - [18] Tìm thấy 20 tin.
2025-09-01 03:14:05,348 - INFO - Đang cào trang 23
2025-09-01 03:14:05,730 - INFO - [19] Tìm thấy 20 tin.
2025-09-01 03:14:05,741 - INFO - Đang cào trang 24
2025-09-01 03:14:05,829 - INFO - [20] Tìm thấy 20 tin.
2025-09-01 03:14:05,830 - INFO - Đang cào trang 25
2025-09-01 03:14:06,197 - INFO - [22] Tìm thấy 20 tin.
2025-09-01 03:14:06,208 - INFO - Đang cào trang 26
2025-09-01 03:14:06,209 - INFO - [21] Tìm thấy 20 tin.
2025-09-01 03:14:06,209 - INFO - Đang cào trang 27
2025-09-01 03:14:06,414 - INFO - [23] Tìm thấy 20 tin.
2025-09-01 03:14:06,415 - INFO - Đang cào trang 28
2025-09-01 03:14:06,635 - INFO - [24] Tìm thấy 20 tin.
2025-09-01 03:14:06,635 - INFO - Đang cào trang 29
2025-09-01 03:14:06,808 - INFO - [25] Tìm thấy 20 tin.
2025-09-01 03:14:06,809 - INFO - Đang cào trang 30
2025-09-01 03:14:07,256 - INFO - [27] Tìm thấy 20 tin.
2025-09-01 03:14:07,267 - INFO - Đang cào trang 31
2025-09-01 03:14:07,356 - INFO - [26] Tìm thấy 20 tin.
2025-09-01 03:14:07,357 - INFO - Đang cào trang 32
2025-09-01 03:14:07,510 - INFO - [28] Tìm thấy 20 tin.
2025-09-01 03:14:07,511 - INFO - Đang cào trang 33
2025-09-01 03:14:08,136 - INFO - [29] Tìm thấy 20 tin.
2025-09-01 03:14:08,138 - INFO - Đang cào trang 34
2025-09-01 03:14:08,408 - INFO - [31] Tìm thấy 20 tin.
2025-09-01 03:14:08,424 - INFO - Đang cào trang 35
2025-09-01 03:14:08,595 - INFO - [32] Tìm thấy 20 tin.
2025-09-01 03:14:08,601 - INFO - Đang cào trang 36
2025-09-01 03:14:08,704 - INFO - [30] Tìm thấy 20 tin.
2025-09-01 03:14:08,705 - INFO - Đang cào trang 37
2025-09-01 03:14:08,874 - INFO - [33] Tìm thấy 20 tin.
2025-09-01 03:14:08,875 - INFO - Đang cào trang 38
2025-09-01 03:14:09,099 - INFO - [34] Tìm thấy 20 tin.
2025-09-01 03:14:09,099 - INFO - Đang cào trang 39
2025-09-01 03:14:09,396 - INFO - [35] Tìm thấy 20 tin.
2025-09-01 03:14:09,397 - INFO - Đang cào trang 40
2025-09-01 03:14:09,907 - INFO - [37] Tìm thấy 20 tin.
2025-09-01 03:14:09,924 - INFO - Đang cào trang 41
2025-09-01 03:14:10,126 - INFO - [38] Tìm thấy 20 tin.
2025-09-01 03:14:10,134 - INFO - [36] Tìm thấy 20 tin.
2025-09-01 03:14:10,135 - INFO - Đang cào trang 42
2025-09-01 03:14:10,136 - INFO - Đang cào trang 43
2025-09-01 03:14:10,527 - INFO - [39] Tìm thấy 20 tin.
2025-09-01 03:14:10,539 - INFO - Đang cào trang 44
2025-09-01 03:14:10,550 - INFO - [40] Tìm thấy 20 tin.
2025-09-01 03:14:10,551 - INFO - Đang cào trang 45
2025-09-01 03:14:10,957 - INFO - [41] Tìm thấy 20 tin.
2025-09-01 03:14:10,957 - INFO - Đang cào trang 46
2025-09-01 03:14:11,447 - INFO - [43] Tìm thấy 20 tin.
2025-09-01 03:14:11,459 - INFO - Đang cào trang 47
2025-09-01 03:14:11,479 - INFO - [42] Tìm thấy 20 tin.
2025-09-01 03:14:11,480 - INFO - Đang cào trang 48
2025-09-01 03:14:11,876 - INFO - [44] Tìm thấy 20 tin.
2025-09-01 03:14:11,882 - INFO - Đang cào trang 49
2025-09-01 03:14:11,885 - INFO - [45] Tìm thấy 20 tin.
2025-09-01 03:14:11,886 - INFO - Đang cào trang 50
2025-09-01 03:14:12,053 - INFO - [46] Tìm thấy 20 tin.
2025-09-01 03:14:12,054 - INFO - Đang cào trang 51
2025-09-01 03:14:12,445 - INFO - [48] Tìm thấy 20 tin.
2025-09-01 03:14:12,447 - INFO - Đang cào trang 52
2025-09-01 03:14:12,747 - INFO - [47] Tìm thấy 20 tin.
2025-09-01 03:14:12,748 - INFO - Đang cào trang 53
2025-09-01 03:14:13,155 - INFO - [50] Tìm thấy 20 tin.
2025-09-01 03:14:13,166 - INFO - Đang cào trang 54
2025-09-01 03:14:13,213 - INFO - [51] Tìm thấy 20 tin.
2025-09-01 03:14:13,237 - INFO - Đang cào trang 55
2025-09-01 03:14:13,260 - INFO - [49] Tìm thấy 20 tin.
2025-09-01 03:14:13,261 - INFO - Đang cào trang 56
2025-09-01 03:14:13,795 - INFO - [52] Tìm thấy 20 tin.
2025-09-01 03:14:13,806 - INFO - Đang cào trang 57
2025-09-01 03:14:13,856 - INFO - [53] Tìm thấy 20 tin.
2025-09-01 03:14:13,857 - INFO - Đang cào trang 58
2025-09-01 03:14:14,077 - INFO - [54] Tìm thấy 20 tin.
2025-09-01 03:14:14,089 - INFO - Đang cào trang 59
2025-09-01 03:14:14,185 - INFO - [56] Tìm thấy 20 tin.
2025-09-01 03:14:14,186 - INFO - Đang cào trang 60
2025-09-01 03:14:14,428 - INFO - [55] Tìm thấy 20 tin.
2025-09-01 03:14:14,429 - INFO - Đang cào trang 61
2025-09-01 03:14:14,629 - INFO - [57] Tìm thấy 20 tin.
2025-09-01 03:14:14,630 - INFO - Đang cào trang 62
2025-09-01 03:14:14,842 - INFO - [58] Tìm thấy 20 tin.
2025-09-01 03:14:14,843 - INFO - Đang cào trang 63
2025-09-01 03:14:15,036 - INFO - [59] Tìm thấy 20 tin.
2025-09-01 03:14:15,037 - INFO - Đang cào trang 64
2025-09-01 03:14:15,193 - INFO - [60] Tìm thấy 20 tin.
2025-09-01 03:14:15,194 - INFO - Đang cào trang 65
2025-09-01 03:14:15,446 - INFO - [61] Tìm thấy 20 tin.
2025-09-01 03:14:15,447 - INFO - Đang cào trang 66
2025-09-01 03:14:15,603 - INFO - [62] Tìm thấy 20 tin.
2025-09-01 03:14:15,618 - INFO - Đang cào trang 67
2025-09-01 03:14:15,738 - INFO - [63] Tìm thấy 10 tin.
2025-09-01 03:14:15,739 - INFO - Đang cào trang 68
2025-09-01 03:14:15,944 - WARNING - [64] Không có product-lists-web.
2025-09-01 03:14:15,944 - INFO - Đang cào trang 69
2025-09-01 03:14:16,181 - WARNING - [65] Không có product-lists-web.
2025-09-01 03:14:16,182 - INFO - Đang cào trang 70
2025-09-01 03:14:16,285 - WARNING - [66] Không có product-lists-web.
2025-09-01 03:14:16,750 - WARNING - [69] Không có product-lists-web.
2025-09-01 03:14:16,803 - WARNING - [68] Không có product-lists-web.
2025-09-01 03:14:16,826 - WARNING - [67] Không có product-lists-web.
2025-09-01 03:14:16,974 - WARNING - [70] Không có product-lists-web.
2025-09-01 03:16:55,608 - INFO - === CÀO DỮ LIỆU THÔ HOÀN TẤT - 1250 TIN ===
2025-09-01 03:16:55,661 - INFO - Đã lưu 1250 dòng → /mnt/d/PHANTICHDULIEU/data/raw/bds_quan7_raw.csv
2025-09-01 03:16:55,661 - INFO - Bắt đầu làm sạch dữ liệu...
2025-09-01 03:16:55,679 - INFO - Hoàn tất làm sạch dữ liệu.
2025-09-01 03:16:55,704 - INFO - Đã lưu 1250 dòng → /mnt/d/PHANTICHDULIEU/data/GiaThueCanHoQ7.csv
2025-09-01 03:16:55,704 - INFO - === TOÀN BỘ QUÁ TRÌNH ĐÃ HOÀN TẤT ===
2025-09-07 11:36:17,891 - INFO - === BẮT ĐẦU QUÁ TRÌNH CÀO DỮ LIỆU ===
2025-09-07 11:36:17,892 - INFO - Đang cào trang 1
2025-09-07 11:36:17,892 - INFO - Đang cào trang 2
2025-09-07 11:36:17,893 - INFO - Đang cào trang 3
2025-09-07 11:36:17,893 - INFO - Đang cào trang 4
2025-09-07 11:36:17,894 - INFO - Đang cào trang 5
2025-09-07 11:36:19,606 - INFO - [5] Tìm thấy 20 tin.
2025-09-07 11:36:19,665 - INFO - Đang cào trang 6
2025-09-07 11:36:19,680 - INFO - [4] Tìm thấy 20 tin.
2025-09-07 11:36:19,692 - INFO - Đang cào trang 7
2025-09-07 11:36:19,718 - INFO - [3] Tìm thấy 20 tin.
2025-09-07 11:36:19,729 - INFO - Đang cào trang 8
2025-09-07 11:36:19,889 - INFO - [1] Tìm thấy 20 tin.
2025-09-07 11:36:19,895 - INFO - Đang cào trang 9
2025-09-07 11:36:20,085 - INFO - [2] Tìm thấy 20 tin.
2025-09-07 11:36:20,086 - INFO - Đang cào trang 10
2025-09-07 11:36:20,747 - INFO - [7] Tìm thấy 20 tin.
2025-09-07 11:36:20,748 - INFO - Đang cào trang 11
2025-09-07 11:36:21,151 - INFO - [8] Tìm thấy 20 tin.
2025-09-07 11:36:21,162 - INFO - Đang cào trang 12
2025-09-07 11:36:21,254 - INFO - [6] Tìm thấy 20 tin.
2025-09-07 11:36:21,255 - INFO - Đang cào trang 13
2025-09-07 11:36:21,399 - INFO - [9] Tìm thấy 20 tin.
2025-09-07 11:36:21,400 - INFO - Đang cào trang 14
2025-09-07 11:36:21,616 - INFO - [10] Tìm thấy 20 tin.
2025-09-07 11:36:21,617 - INFO - Đang cào trang 15
2025-09-07 11:36:21,861 - INFO - [11] Tìm thấy 20 tin.
2025-09-07 11:36:21,861 - INFO - Đang cào trang 16
2025-09-07 11:36:22,378 - INFO - [13] Tìm thấy 20 tin.
2025-09-07 11:36:22,380 - INFO - Đang cào trang 17
2025-09-07 11:36:22,739 - INFO - [14] Tìm thấy 20 tin.
2025-09-07 11:36:22,745 - INFO - Đang cào trang 18
2025-09-07 11:36:22,799 - INFO - [12] Tìm thấy 20 tin.
2025-09-07 11:36:22,800 - INFO - Đang cào trang 19
2025-09-07 11:36:23,138 - INFO - [15] Tìm thấy 20 tin.
2025-09-07 11:36:23,141 - INFO - Đang cào trang 20
2025-09-07 11:36:23,313 - INFO - [16] Tìm thấy 20 tin.
2025-09-07 11:36:23,313 - INFO - Đang cào trang 21
2025-09-07 11:36:23,613 - INFO - [17] Tìm thấy 20 tin.
2025-09-07 11:36:23,614 - INFO - Đang cào trang 22
2025-09-07 11:36:24,019 - INFO - [18] Tìm thấy 20 tin.
2025-09-07 11:36:24,030 - INFO - Đang cào trang 23
2025-09-07 11:36:24,137 - INFO - [19] Tìm thấy 20 tin.
2025-09-07 11:36:24,137 - INFO - Đang cào trang 24
2025-09-07 11:36:24,648 - INFO - [21] Tìm thấy 20 tin.
2025-09-07 11:36:24,649 - INFO - Đang cào trang 25
2025-09-07 11:36:24,936 - INFO - [20] Tìm thấy 20 tin.
2025-09-07 11:36:24,942 - INFO - Đang cào trang 26
2025-09-07 11:36:25,001 - INFO - [22] Tìm thấy 20 tin.
2025-09-07 11:36:25,002 - INFO - Đang cào trang 27
2025-09-07 11:36:25,405 - INFO - [23] Tìm thấy 20 tin.
2025-09-07 11:36:25,406 - INFO - Đang cào trang 28
2025-09-07 11:36:25,569 - INFO - [24] Tìm thấy 20 tin.
2025-09-07 11:36:25,571 - INFO - Đang cào trang 29
2025-09-07 11:36:25,773 - INFO - [25] Tìm thấy 20 tin.
2025-09-07 11:36:25,775 - INFO - Đang cào trang 30
2025-09-07 11:36:26,029 - INFO - [27] Tìm thấy 20 tin.
2025-09-07 11:36:26,030 - INFO - Đang cào trang 31
2025-09-07 11:36:26,395 - INFO - [26] Tìm thấy 20 tin.
2025-09-07 11:36:26,397 - INFO - Đang cào trang 32
2025-09-07 11:36:26,581 - INFO - [28] Tìm thấy 20 tin.
2025-09-07 11:36:26,636 - INFO - Đang cào trang 33
2025-09-07 11:36:26,755 - INFO - [29] Tìm thấy 20 tin.
2025-09-07 11:36:26,756 - INFO - Đang cào trang 34
2025-09-07 11:36:27,225 - INFO - [31] Tìm thấy 20 tin.
2025-09-07 11:36:27,226 - INFO - Đang cào trang 35
2025-09-07 11:36:27,519 - INFO - [30] Tìm thấy 20 tin.
2025-09-07 11:36:27,521 - INFO - Đang cào trang 36
2025-09-07 11:36:28,338 - INFO - [32] Tìm thấy 20 tin.
2025-09-07 11:36:28,349 - INFO - Đang cào trang 37
2025-09-07 11:36:28,380 - INFO - [34] Tìm thấy 20 tin.
2025-09-07 11:36:28,385 - INFO - Đang cào trang 38
2025-09-07 11:36:28,393 - INFO - [33] Tìm thấy 20 tin.
2025-09-07 11:36:28,394 - INFO - Đang cào trang 39
2025-09-07 11:36:29,008 - INFO - [35] Tìm thấy 20 tin.
2025-09-07 11:36:29,016 - INFO - Đang cào trang 40
2025-09-07 11:36:29,131 - INFO - [36] Tìm thấy 20 tin.
2025-09-07 11:36:29,131 - INFO - Đang cào trang 41
2025-09-07 11:36:29,820 - INFO - [37] Tìm thấy 20 tin.
2025-09-07 11:36:29,837 - INFO - Đang cào trang 42
2025-09-07 11:36:30,126 - INFO - [38] Tìm thấy 20 tin.
2025-09-07 11:36:30,202 - INFO - Đang cào trang 43
2025-09-07 11:36:30,205 - INFO - [39] Tìm thấy 20 tin.
2025-09-07 11:36:30,206 - INFO - Đang cào trang 44
2025-09-07 11:36:30,462 - INFO - [40] Tìm thấy 20 tin.
2025-09-07 11:36:30,473 - INFO - Đang cào trang 45
2025-09-07 11:36:30,508 - INFO - [41] Tìm thấy 20 tin.
2025-09-07 11:36:30,509 - INFO - Đang cào trang 46
2025-09-07 11:36:31,514 - INFO - [42] Tìm thấy 20 tin.
2025-09-07 11:36:31,514 - INFO - Đang cào trang 47
2025-09-07 11:36:31,736 - INFO - [43] Tìm thấy 20 tin.
2025-09-07 11:36:31,758 - INFO - Đang cào trang 48
2025-09-07 11:36:31,837 - INFO - [44] Tìm thấy 20 tin.
2025-09-07 11:36:31,838 - INFO - Đang cào trang 49
2025-09-07 11:36:32,161 - INFO - [46] Tìm thấy 20 tin.
2025-09-07 11:36:32,172 - INFO - Đang cào trang 50
2025-09-07 11:36:32,191 - INFO - [45] Tìm thấy 20 tin.
2025-09-07 11:36:32,191 - INFO - Đang cào trang 51
2025-09-07 11:36:32,787 - INFO - [47] Tìm thấy 20 tin.
2025-09-07 11:36:32,788 - INFO - Đang cào trang 52
2025-09-07 11:36:32,998 - INFO - [48] Tìm thấy 20 tin.
2025-09-07 11:36:32,999 - INFO - Đang cào trang 53
2025-09-07 11:36:33,206 - INFO - [49] Tìm thấy 20 tin.
2025-09-07 11:36:33,208 - INFO - Đang cào trang 54
2025-09-07 11:36:33,454 - INFO - [50] Tìm thấy 20 tin.
2025-09-07 11:36:33,454 - INFO - Đang cào trang 55
2025-09-07 11:36:33,614 - INFO - [51] Tìm thấy 20 tin.
2025-09-07 11:36:33,614 - INFO - Đang cào trang 56
2025-09-07 11:36:34,501 - INFO - [53] Tìm thấy 20 tin.
2025-09-07 11:36:34,512 - INFO - Đang cào trang 57
2025-09-07 11:36:34,542 - INFO - [52] Tìm thấy 20 tin.
2025-09-07 11:36:34,543 - INFO - Đang cào trang 58
2025-09-07 11:36:34,717 - INFO - [54] Tìm thấy 20 tin.
2025-09-07 11:36:34,718 - INFO - Đang cào trang 59
2025-09-07 11:36:35,033 - INFO - [55] Tìm thấy 20 tin.
2025-09-07 11:36:35,034 - INFO - Đang cào trang 60
2025-09-07 11:36:35,854 - INFO - [56] Tìm thấy 20 tin.
2025-09-07 11:36:35,866 - INFO - Đang cào trang 61
2025-09-07 11:36:35,966 - INFO - [58] Tìm thấy 20 tin.
2025-09-07 11:36:35,967 - INFO - Đang cào trang 62
2025-09-07 11:36:36,177 - INFO - [57] Tìm thấy 20 tin.
2025-09-07 11:36:36,188 - INFO - Đang cào trang 63
2025-09-07 11:36:36,324 - INFO - [59] Tìm thấy 20 tin.
2025-09-07 11:36:36,325 - INFO - Đang cào trang 64
2025-09-07 11:36:36,682 - INFO - [60] Tìm thấy 20 tin.
2025-09-07 11:36:36,683 - INFO - Đang cào trang 65
2025-09-07 11:36:37,064 - INFO - [61] Tìm thấy 20 tin.
2025-09-07 11:36:37,083 - INFO - Đang cào trang 66
2025-09-07 11:36:37,287 - INFO - [62] Tìm thấy 10 tin.
2025-09-07 11:36:37,298 - INFO - Đang cào trang 67
2025-09-07 11:36:37,380 - WARNING - [64] Không có product-lists-web.
2025-09-07 11:36:37,382 - INFO - Đang cào trang 68
2025-09-07 11:36:37,608 - WARNING - [63] Không có product-lists-web.
2025-09-07 11:36:37,609 - INFO - Đang cào trang 69
2025-09-07 11:36:37,981 - WARNING - [65] Không có product-lists-web.
2025-09-07 11:36:37,981 - INFO - Đang cào trang 70
2025-09-07 11:36:39,014 - WARNING - [66] Không có product-lists-web.
2025-09-07 11:36:39,108 - WARNING - [68] Không có product-lists-web.
2025-09-07 11:36:39,463 - WARNING - [69] Không có product-lists-web.
2025-09-07 11:36:39,544 - WARNING - [70] Không có product-lists-web.
2025-09-07 11:36:39,647 - WARNING - [67] Không có product-lists-web.
2025-09-07 11:39:12,360 - INFO - === CÀO DỮ LIỆU THÔ HOÀN TẤT - 1230 TIN ===
2025-09-07 11:39:12,411 - INFO - Đã lưu 1230 dòng → /mnt/d/PHANTICHDULIEU/data/raw/bds_quan7_raw.csv
2025-09-07 11:39:12,412 - INFO - Bắt đầu làm sạch dữ liệu...
2025-09-07 11:39:12,433 - INFO - Hoàn tất làm sạch dữ liệu.
2025-09-07 11:39:12,457 - INFO - Đã lưu 1230 dòng → /mnt/d/PHANTICHDULIEU/data/GiaThueCanHoQ7.csv
2025-09-07 11:39:12,457 - INFO - === TOÀN BỘ QUÁ TRÌNH ĐÃ HOÀN TẤT ===
2025-09-07 12:20:32,192 - INFO - === BẮT ĐẦU QUÁ TRÌNH CÀO DỮ LIỆU ===
2025-09-07 12:20:32,192 - INFO - Đang cào trang 1
2025-09-07 12:20:32,193 - INFO - Đang cào trang 2
2025-09-07 12:20:32,193 - INFO - Đang cào trang 3
2025-09-07 12:20:32,194 - INFO - Đang cào trang 4
2025-09-07 12:20:32,194 - INFO - Đang cào trang 5
2025-09-07 12:20:33,595 - INFO - [2] Tìm thấy 20 tin.
2025-09-07 12:20:33,606 - INFO - Đang cào trang 6
2025-09-07 12:20:33,754 - INFO - [3] Tìm thấy 20 tin.
2025-09-07 12:20:33,766 - INFO - Đang cào trang 7
2025-09-07 12:20:33,836 - INFO - [1] Tìm thấy 20 tin.
2025-09-07 12:20:33,852 - INFO - Đang cào trang 8
2025-09-07 12:20:34,169 - INFO - [5] Tìm thấy 20 tin.
2025-09-07 12:20:34,173 - INFO - Đang cào trang 9
2025-09-07 12:20:34,172 - INFO - [4] Tìm thấy 20 tin.
2025-09-07 12:20:34,175 - INFO - Đang cào trang 10
2025-09-07 12:20:34,783 - INFO - [6] Tìm thấy 20 tin.
2025-09-07 12:20:34,785 - INFO - Đang cào trang 11
2025-09-07 12:20:34,981 - INFO - [7] Tìm thấy 20 tin.
2025-09-07 12:20:34,987 - INFO - Đang cào trang 12
2025-09-07 12:20:35,215 - INFO - [10] Tìm thấy 20 tin.
2025-09-07 12:20:35,232 - INFO - Đang cào trang 13
2025-09-07 12:20:35,287 - INFO - [9] Tìm thấy 20 tin.
2025-09-07 12:20:35,288 - INFO - Đang cào trang 14
2025-09-07 12:20:35,489 - INFO - [8] Tìm thấy 20 tin.
2025-09-07 12:20:35,490 - INFO - Đang cào trang 15
2025-09-07 12:20:35,694 - INFO - [11] Tìm thấy 20 tin.
2025-09-07 12:20:35,696 - INFO - Đang cào trang 16
2025-09-07 12:20:36,575 - INFO - [14] Tìm thấy 20 tin.
2025-09-07 12:20:36,579 - INFO - [12] Tìm thấy 20 tin.
2025-09-07 12:20:36,585 - INFO - Đang cào trang 17
2025-09-07 12:20:36,597 - INFO - Đang cào trang 18
2025-09-07 12:20:36,630 - INFO - [13] Tìm thấy 20 tin.
2025-09-07 12:20:36,631 - INFO - Đang cào trang 19
2025-09-07 12:20:36,862 - INFO - [15] Tìm thấy 20 tin.
2025-09-07 12:20:36,863 - INFO - Đang cào trang 20
2025-09-07 12:20:37,015 - INFO - [16] Tìm thấy 20 tin.
2025-09-07 12:20:37,015 - INFO - Đang cào trang 21
2025-09-07 12:20:37,756 - INFO - [19] Tìm thấy 20 tin.
2025-09-07 12:20:37,783 - INFO - Đang cào trang 22
2025-09-07 12:20:37,930 - INFO - [17] Tìm thấy 20 tin.
2025-09-07 12:20:37,941 - INFO - Đang cào trang 23
2025-09-07 12:20:37,977 - INFO - [18] Tìm thấy 20 tin.
2025-09-07 12:20:37,978 - INFO - Đang cào trang 24
2025-09-07 12:20:38,351 - INFO - [20] Tìm thấy 20 tin.
2025-09-07 12:20:38,362 - INFO - Đang cào trang 25
2025-09-07 12:20:38,365 - INFO - [21] Tìm thấy 20 tin.
2025-09-07 12:20:38,366 - INFO - Đang cào trang 26
2025-09-07 12:20:39,205 - INFO - [22] Tìm thấy 20 tin.
2025-09-07 12:20:39,205 - INFO - Đang cào trang 27
2025-09-07 12:20:39,521 - INFO - [23] Tìm thấy 20 tin.
2025-09-07 12:20:39,524 - INFO - Đang cào trang 28
2025-09-07 12:20:39,682 - INFO - [24] Tìm thấy 20 tin.
2025-09-07 12:20:39,693 - INFO - Đang cào trang 29
2025-09-07 12:20:39,843 - INFO - [26] Tìm thấy 20 tin.
2025-09-07 12:20:39,854 - INFO - Đang cào trang 30
2025-09-07 12:20:40,065 - INFO - [25] Tìm thấy 20 tin.
2025-09-07 12:20:40,066 - INFO - Đang cào trang 31
2025-09-07 12:20:40,251 - INFO - [27] Tìm thấy 20 tin.
2025-09-07 12:20:40,252 - INFO - Đang cào trang 32
2025-09-07 12:20:40,962 - INFO - [28] Tìm thấy 20 tin.
2025-09-07 12:20:40,979 - INFO - Đang cào trang 33
2025-09-07 12:20:41,040 - INFO - [30] Tìm thấy 20 tin.
2025-09-07 12:20:41,046 - INFO - Đang cào trang 34
2025-09-07 12:20:41,190 - INFO - [29] Tìm thấy 20 tin.
2025-09-07 12:20:41,190 - INFO - Đang cào trang 35
2025-09-07 12:20:41,553 - INFO - [31] Tìm thấy 20 tin.
2025-09-07 12:20:41,560 - INFO - Đang cào trang 36
2025-09-07 12:20:41,655 - INFO - [32] Tìm thấy 20 tin.
2025-09-07 12:20:41,656 - INFO - Đang cào trang 37
2025-09-07 12:20:42,610 - INFO - [34] Tìm thấy 20 tin.
2025-09-07 12:20:42,696 - INFO - Đang cào trang 38
2025-09-07 12:20:42,886 - INFO - [35] Tìm thấy 20 tin.
2025-09-07 12:20:42,908 - INFO - Đang cào trang 39
2025-09-07 12:20:42,947 - INFO - [36] Tìm thấy 20 tin.
2025-09-07 12:20:42,954 - INFO - Đang cào trang 40
2025-09-07 12:20:42,963 - INFO - [33] Tìm thấy 20 tin.
2025-09-07 12:20:42,964 - INFO - Đang cào trang 41
2025-09-07 12:20:43,237 - INFO - [37] Tìm thấy 20 tin.
2025-09-07 12:20:43,237 - INFO - Đang cào trang 42
2025-09-07 12:20:44,103 - INFO - [38] Tìm thấy 20 tin.
2025-09-07 12:20:44,105 - INFO - Đang cào trang 43
2025-09-07 12:20:44,624 - INFO - [40] Tìm thấy 20 tin.
2025-09-07 12:20:44,657 - INFO - Đang cào trang 44
2025-09-07 12:20:44,672 - INFO - [41] Tìm thấy 20 tin.
2025-09-07 12:20:44,684 - INFO - Đang cào trang 45
2025-09-07 12:20:44,893 - INFO - [42] Tìm thấy 20 tin.
2025-09-07 12:20:44,896 - INFO - [39] Tìm thấy 20 tin.
2025-09-07 12:20:44,897 - INFO - Đang cào trang 46
2025-09-07 12:20:44,898 - INFO - Đang cào trang 47
2025-09-07 12:20:45,056 - INFO - [43] Tìm thấy 20 tin.
2025-09-07 12:20:45,057 - INFO - Đang cào trang 48
2025-09-07 12:20:45,990 - INFO - [45] Tìm thấy 20 tin.
2025-09-07 12:20:45,996 - INFO - Đang cào trang 49
2025-09-07 12:20:46,369 - INFO - [44] Tìm thấy 20 tin.
2025-09-07 12:20:46,374 - INFO - Đang cào trang 50
2025-09-07 12:20:46,526 - INFO - [47] Tìm thấy 20 tin.
2025-09-07 12:20:46,533 - INFO - Đang cào trang 51
2025-09-07 12:20:46,752 - INFO - [48] Tìm thấy 20 tin.
2025-09-07 12:20:46,763 - INFO - Đang cào trang 52
2025-09-07 12:20:46,812 - INFO - [46] Tìm thấy 20 tin.
2025-09-07 12:20:46,816 - INFO - Đang cào trang 53
2025-09-07 12:20:47,180 - INFO - [49] Tìm thấy 20 tin.
2025-09-07 12:20:47,181 - INFO - Đang cào trang 54
2025-09-07 12:20:47,578 - INFO - [50] Tìm thấy 20 tin.
2025-09-07 12:20:47,579 - INFO - Đang cào trang 55
2025-09-07 12:20:48,253 - INFO - [53] Tìm thấy 20 tin.
2025-09-07 12:20:48,281 - INFO - Đang cào trang 56
2025-09-07 12:20:48,320 - INFO - [51] Tìm thấy 20 tin.
2025-09-07 12:20:48,325 - INFO - Đang cào trang 57
2025-09-07 12:20:48,348 - INFO - [52] Tìm thấy 20 tin.
2025-09-07 12:20:48,350 - INFO - Đang cào trang 58
2025-09-07 12:20:48,547 - INFO - [54] Tìm thấy 20 tin.
2025-09-07 12:20:48,548 - INFO - Đang cào trang 59
2025-09-07 12:20:48,726 - INFO - [55] Tìm thấy 20 tin.
2025-09-07 12:20:48,727 - INFO - Đang cào trang 60
2025-09-07 12:20:49,459 - INFO - [58] Tìm thấy 20 tin.
2025-09-07 12:20:49,460 - INFO - Đang cào trang 61
2025-09-07 12:20:50,039 - INFO - [56] Tìm thấy 20 tin.
2025-09-07 12:20:50,067 - INFO - Đang cào trang 62
2025-09-07 12:20:50,084 - INFO - [60] Tìm thấy 20 tin.
2025-09-07 12:20:50,086 - INFO - [57] Tìm thấy 20 tin.
2025-09-07 12:20:50,096 - INFO - Đang cào trang 63
2025-09-07 12:20:50,103 - INFO - Đang cào trang 64
2025-09-07 12:20:50,123 - INFO - [59] Tìm thấy 20 tin.
2025-09-07 12:20:50,126 - INFO - Đang cào trang 65
2025-09-07 12:20:50,731 - INFO - [61] Tìm thấy 20 tin.
2025-09-07 12:20:50,732 - INFO - Đang cào trang 66
2025-09-07 12:20:50,867 - INFO - [62] Tìm thấy 9 tin.
2025-09-07 12:20:50,867 - INFO - Đang cào trang 67
2025-09-07 12:20:50,981 - WARNING - [63] Không có product-lists-web.
2025-09-07 12:20:50,999 - INFO - Đang cào trang 68
2025-09-07 12:20:51,147 - WARNING - [65] Không có product-lists-web.
2025-09-07 12:20:51,148 - INFO - Đang cào trang 69
2025-09-07 12:20:51,258 - WARNING - [64] Không có product-lists-web.
2025-09-07 12:20:51,258 - INFO - Đang cào trang 70
2025-09-07 12:20:51,521 - WARNING - [66] Không có product-lists-web.
2025-09-07 12:20:51,906 - WARNING - [67] Không có product-lists-web.
2025-09-07 12:20:52,070 - WARNING - [68] Không có product-lists-web.
2025-09-07 12:20:52,348 - WARNING - [69] Không có product-lists-web.
2025-09-07 12:20:52,441 - WARNING - [70] Không có product-lists-web.
2025-09-07 12:23:26,118 - INFO - === CÀO DỮ LIỆU THÔ HOÀN TẤT - 1229 TIN ===
2025-09-07 12:23:26,166 - INFO - Đã lưu 1229 dòng → /mnt/d/PHANTICHDULIEU/data/raw/bds_quan7_raw.csv
2025-09-07 12:23:26,166 - INFO - Bắt đầu làm sạch dữ liệu...
2025-09-07 12:23:26,184 - INFO - Hoàn tất làm sạch dữ liệu.
2025-09-07 12:23:26,205 - INFO - Đã lưu 1229 dòng → /mnt/d/PHANTICHDULIEU/data/GiaThueCanHoQ7.csv
2025-09-07 12:23:26,205 - INFO - === TOÀN BỘ QUÁ TRÌNH ĐÃ HOÀN TẤT ===
2025-09-07 12:25:28,224 - INFO - === BẮT ĐẦU QUÁ TRÌNH CÀO DỮ LIỆU ===
2025-09-07 12:25:28,225 - INFO - Đang cào trang 1
2025-09-07 12:25:28,225 - INFO - Đang cào trang 2
2025-09-07 12:25:28,226 - INFO - Đang cào trang 3
2025-09-07 12:25:28,226 - INFO - Đang cào trang 4
2025-09-07 12:25:28,227 - INFO - Đang cào trang 5
2025-09-07 12:25:29,056 - INFO - [1] Tìm thấy 20 tin.
2025-09-07 12:25:29,062 - INFO - Đang cào trang 6
2025-09-07 12:25:29,404 - INFO - [5] Tìm thấy 20 tin.
2025-09-07 12:25:29,410 - INFO - Đang cào trang 7
2025-09-07 12:25:29,640 - INFO - [2] Tìm thấy 20 tin.
2025-09-07 12:25:29,659 - INFO - [4] Tìm thấy 20 tin.
2025-09-07 12:25:29,666 - INFO - Đang cào trang 8
2025-09-07 12:25:29,672 - INFO - Đang cào trang 9
2025-09-07 12:25:29,745 - INFO - [3] Tìm thấy 20 tin.
2025-09-07 12:25:29,746 - INFO - Đang cào trang 10
2025-09-07 12:25:30,171 - INFO - [6] Tìm thấy 20 tin.
2025-09-07 12:25:30,172 - INFO - Đang cào trang 11
2025-09-07 12:25:30,607 - INFO - [8] Tìm thấy 20 tin.
2025-09-07 12:25:30,619 - INFO - Đang cào trang 12
2025-09-07 12:25:30,705 - INFO - [7] Tìm thấy 20 tin.
2025-09-07 12:25:30,709 - INFO - [9] Tìm thấy 20 tin.
2025-09-07 12:25:30,710 - INFO - Đang cào trang 13
2025-09-07 12:25:30,710 - INFO - Đang cào trang 14
2025-09-07 12:25:30,944 - INFO - [10] Tìm thấy 20 tin.
2025-09-07 12:25:30,945 - INFO - Đang cào trang 15
2025-09-07 12:25:31,227 - INFO - [11] Tìm thấy 20 tin.
2025-09-07 12:25:31,230 - INFO - Đang cào trang 16
2025-09-07 12:25:31,373 - INFO - [13] Tìm thấy 20 tin.
2025-09-07 12:25:31,373 - INFO - Đang cào trang 17
2025-09-07 12:25:31,610 - INFO - [12] Tìm thấy 20 tin.
2025-09-07 12:25:31,611 - INFO - Đang cào trang 18
2025-09-07 12:25:31,804 - INFO - [14] Tìm thấy 20 tin.
2025-09-07 12:25:31,815 - INFO - Đang cào trang 19
2025-09-07 12:25:31,961 - INFO - [15] Tìm thấy 20 tin.
2025-09-07 12:25:31,962 - INFO - Đang cào trang 20
2025-09-07 12:25:32,467 - INFO - [16] Tìm thấy 20 tin.
2025-09-07 12:25:32,484 - INFO - Đang cào trang 21
2025-09-07 12:25:32,528 - INFO - [17] Tìm thấy 20 tin.
2025-09-07 12:25:32,529 - INFO - Đang cào trang 22
2025-09-07 12:25:32,747 - INFO - [18] Tìm thấy 20 tin.
2025-09-07 12:25:32,747 - INFO - Đang cào trang 23
2025-09-07 12:25:32,897 - INFO - [20] Tìm thấy 20 tin.
2025-09-07 12:25:32,908 - INFO - Đang cào trang 24
2025-09-07 12:25:33,054 - INFO - [19] Tìm thấy 20 tin.
2025-09-07 12:25:33,055 - INFO - Đang cào trang 25
2025-09-07 12:25:33,678 - INFO - [22] Tìm thấy 20 tin.
2025-09-07 12:25:33,696 - INFO - Đang cào trang 26
2025-09-07 12:25:33,745 - INFO - [21] Tìm thấy 20 tin.
2025-09-07 12:25:33,762 - INFO - Đang cào trang 27
2025-09-07 12:25:33,956 - INFO - [23] Tìm thấy 20 tin.
2025-09-07 12:25:33,958 - INFO - Đang cào trang 28
2025-09-07 12:25:34,176 - INFO - [24] Tìm thấy 20 tin.
2025-09-07 12:25:34,187 - INFO - Đang cào trang 29
2025-09-07 12:25:34,268 - INFO - [25] Tìm thấy 20 tin.
2025-09-07 12:25:34,268 - INFO - Đang cào trang 30
2025-09-07 12:25:34,869 - INFO - [26] Tìm thấy 20 tin.
2025-09-07 12:25:34,875 - INFO - Đang cào trang 31
2025-09-07 12:25:34,972 - INFO - [27] Tìm thấy 20 tin.
2025-09-07 12:25:34,973 - INFO - Đang cào trang 32
2025-09-07 12:25:35,279 - INFO - [28] Tìm thấy 20 tin.
2025-09-07 12:25:35,290 - INFO - Đang cào trang 33
2025-09-07 12:25:35,355 - INFO - [30] Tìm thấy 20 tin.
2025-09-07 12:25:35,356 - INFO - Đang cào trang 34
2025-09-07 12:25:35,502 - INFO - [29] Tìm thấy 20 tin.
2025-09-07 12:25:35,503 - INFO - Đang cào trang 35
2025-09-07 12:25:36,447 - INFO - [34] Tìm thấy 20 tin.
2025-09-07 12:25:36,449 - INFO - [31] Tìm thấy 20 tin.
2025-09-07 12:25:36,455 - INFO - Đang cào trang 36
2025-09-07 12:25:36,467 - INFO - Đang cào trang 37
2025-09-07 12:25:36,515 - INFO - [32] Tìm thấy 20 tin.
2025-09-07 12:25:36,520 - INFO - Đang cào trang 38
2025-09-07 12:25:36,801 - INFO - [33] Tìm thấy 20 tin.
2025-09-07 12:25:36,812 - INFO - Đang cào trang 39
2025-09-07 12:25:36,910 - INFO - [35] Tìm thấy 20 tin.
2025-09-07 12:25:36,911 - INFO - Đang cào trang 40
2025-09-07 12:25:37,337 - INFO - [37] Tìm thấy 20 tin.
2025-09-07 12:25:37,343 - INFO - Đang cào trang 41
2025-09-07 12:25:37,394 - INFO - [36] Tìm thấy 20 tin.
2025-09-07 12:25:37,395 - INFO - Đang cào trang 42
2025-09-07 12:25:37,607 - INFO - [38] Tìm thấy 20 tin.
2025-09-07 12:25:37,613 - INFO - Đang cào trang 43
2025-09-07 12:25:37,775 - INFO - [40] Tìm thấy 20 tin.
2025-09-07 12:25:37,787 - INFO - Đang cào trang 44
2025-09-07 12:25:37,930 - INFO - [39] Tìm thấy 20 tin.
2025-09-07 12:25:37,931 - INFO - Đang cào trang 45
2025-09-07 12:25:38,165 - INFO - [42] Tìm thấy 20 tin.
2025-09-07 12:25:38,177 - INFO - Đang cào trang 46
2025-09-07 12:25:38,329 - INFO - [41] Tìm thấy 20 tin.
2025-09-07 12:25:38,329 - INFO - Đang cào trang 47
2025-09-07 12:25:38,873 - INFO - [43] Tìm thấy 20 tin.
2025-09-07 12:25:38,885 - INFO - Đang cào trang 48
2025-09-07 12:25:38,954 - INFO - [44] Tìm thấy 20 tin.
2025-09-07 12:25:38,955 - INFO - Đang cào trang 49
2025-09-07 12:25:39,181 - INFO - [45] Tìm thấy 20 tin.
2025-09-07 12:25:39,182 - INFO - Đang cào trang 50
2025-09-07 12:25:39,514 - INFO - [47] Tìm thấy 20 tin.
2025-09-07 12:25:39,514 - INFO - [46] Tìm thấy 20 tin.
2025-09-07 12:25:39,515 - INFO - Đang cào trang 51
2025-09-07 12:25:39,516 - INFO - Đang cào trang 52
2025-09-07 12:25:39,761 - INFO - [48] Tìm thấy 20 tin.
2025-09-07 12:25:39,762 - INFO - Đang cào trang 53
2025-09-07 12:25:39,912 - INFO - [49] Tìm thấy 20 tin.
2025-09-07 12:25:39,912 - INFO - Đang cào trang 54
2025-09-07 12:25:40,320 - INFO - [50] Tìm thấy 20 tin.
2025-09-07 12:25:40,321 - INFO - Đang cào trang 55
2025-09-07 12:25:40,511 - INFO - [52] Tìm thấy 20 tin.
2025-09-07 12:25:40,523 - INFO - Đang cào trang 56
2025-09-07 12:25:40,638 - INFO - [51] Tìm thấy 20 tin.
2025-09-07 12:25:40,639 - INFO - Đang cào trang 57
2025-09-07 12:25:40,861 - INFO - [53] Tìm thấy 20 tin.
2025-09-07 12:25:40,861 - INFO - Đang cào trang 58
2025-09-07 12:25:41,018 - INFO - [54] Tìm thấy 20 tin.
2025-09-07 12:25:41,020 - INFO - Đang cào trang 59
2025-09-07 12:25:41,171 - INFO - [55] Tìm thấy 20 tin.
2025-09-07 12:25:41,172 - INFO - Đang cào trang 60
2025-09-07 12:25:41,896 - INFO - [56] Tìm thấy 20 tin.
2025-09-07 12:25:41,908 - INFO - Đang cào trang 61
2025-09-07 12:25:41,993 - INFO - [57] Tìm thấy 20 tin.
2025-09-07 12:25:41,995 - INFO - Đang cào trang 62
2025-09-07 12:25:42,319 - INFO - [58] Tìm thấy 20 tin.
2025-09-07 12:25:42,347 - INFO - Đang cào trang 63
2025-09-07 12:25:42,393 - INFO - [59] Tìm thấy 20 tin.
2025-09-07 12:25:42,395 - INFO - Đang cào trang 64
2025-09-07 12:25:42,543 - INFO - [60] Tìm thấy 20 tin.
2025-09-07 12:25:42,544 - INFO - Đang cào trang 65
2025-09-07 12:25:43,040 - INFO - [62] Tìm thấy 9 tin.
2025-09-07 12:25:43,051 - INFO - Đang cào trang 66
2025-09-07 12:25:43,073 - INFO - [61] Tìm thấy 20 tin.
2025-09-07 12:25:43,074 - INFO - Đang cào trang 67
2025-09-07 12:25:43,255 - WARNING - [64] Không có product-lists-web.
2025-09-07 12:25:43,255 - INFO - Đang cào trang 68
2025-09-07 12:25:43,455 - WARNING - [65] Không có product-lists-web.
2025-09-07 12:25:43,466 - INFO - Đang cào trang 69
2025-09-07 12:25:43,553 - WARNING - [63] Không có product-lists-web.
2025-09-07 12:25:43,554 - INFO - Đang cào trang 70
2025-09-07 12:25:42,680 - WARNING - [66] Không có product-lists-web.
2025-09-07 12:25:42,769 - WARNING - [67] Không có product-lists-web.
2025-09-07 12:25:43,026 - WARNING - [68] Không có product-lists-web.
2025-09-07 12:25:43,229 - WARNING - [70] Không có product-lists-web.
2025-09-07 12:25:43,323 - WARNING - [69] Không có product-lists-web.
2025-09-07 12:28:13,417 - INFO - === CÀO DỮ LIỆU THÔ HOÀN TẤT - 1229 TIN ===
2025-09-07 12:28:13,459 - INFO - Đã lưu 1229 dòng → /mnt/d/PHANTICHDULIEU/data/raw/bds_quan7_raw.csv
2025-09-07 12:28:13,459 - INFO - Bắt đầu làm sạch dữ liệu...
2025-09-07 12:28:13,475 - INFO - Hoàn tất làm sạch dữ liệu.
2025-09-07 12:28:13,495 - INFO - Đã lưu 1229 dòng → /mnt/d/PHANTICHDULIEU/data/GiaThueCanHoQ7.csv
2025-09-07 12:28:13,495 - INFO - === TOÀN BỘ QUÁ TRÌNH ĐÃ HOÀN TẤT ===
2025-09-14 14:11:03,191 - INFO - === BẮT ĐẦU QUÁ TRÌNH CÀO DỮ LIỆU ===
2025-09-14 14:11:03,192 - INFO - Đang cào trang 1
2025-09-14 14:11:03,192 - INFO - Đang cào trang 2
2025-09-14 14:11:03,193 - INFO - Đang cào trang 3
2025-09-14 14:11:03,193 - INFO - Đang cào trang 4
2025-09-14 14:11:03,194 - INFO - Đang cào trang 5
2025-09-14 14:11:04,903 - INFO - [2] Tìm thấy 20 tin.
2025-09-14 14:11:04,915 - INFO - [1] Tìm thấy 20 tin.
2025-09-14 14:11:04,921 - INFO - Đang cào trang 6
2025-09-14 14:11:05,077 - INFO - [3] Tìm thấy 20 tin.
2025-09-14 14:11:05,181 - INFO - Đang cào trang 7
2025-09-14 14:11:05,203 - INFO - Đang cào trang 8
2025-09-14 14:11:05,229 - INFO - [4] Tìm thấy 20 tin.
2025-09-14 14:11:05,245 - INFO - [5] Tìm thấy 20 tin.
2025-09-14 14:11:05,245 - INFO - Đang cào trang 9
2025-09-14 14:11:05,246 - INFO - Đang cào trang 10
2025-09-14 14:11:05,581 - WARNING - [6] 403/AccessDenied (thử 1/3)
2025-09-14 14:11:06,278 - INFO - [8] Tìm thấy 20 tin.
2025-09-14 14:11:06,289 - INFO - Đang cào trang 11
2025-09-14 14:11:06,446 - INFO - [10] Tìm thấy 20 tin.
2025-09-14 14:11:06,448 - INFO - Đang cào trang 12
2025-09-14 14:11:06,756 - INFO - [9] Tìm thấy 20 tin.
2025-09-14 14:11:06,765 - INFO - [7] Tìm thấy 20 tin.
2025-09-14 14:11:06,765 - INFO - Đang cào trang 13
2025-09-14 14:11:06,766 - INFO - Đang cào trang 14
2025-09-14 14:11:06,920 - WARNING - [11] 403/AccessDenied (thử 1/3)
2025-09-14 14:11:07,614 - INFO - [14] Tìm thấy 20 tin.
2025-09-14 14:11:07,615 - INFO - Đang cào trang 15
2025-09-14 14:11:07,856 - INFO - [13] Tìm thấy 20 tin.
2025-09-14 14:11:07,862 - INFO - Đang cào trang 16
2025-09-14 14:11:07,915 - INFO - [12] Tìm thấy 20 tin.
2025-09-14 14:11:07,918 - INFO - Đang cào trang 17
2025-09-14 14:11:08,170 - INFO - [6] Tìm thấy 20 tin.
2025-09-14 14:11:08,171 - INFO - Đang cào trang 18
2025-09-14 14:11:08,542 - INFO - [15] Tìm thấy 20 tin.
2025-09-14 14:11:08,543 - INFO - Đang cào trang 19
2025-09-14 14:11:08,817 - INFO - [16] Tìm thấy 20 tin.
2025-09-14 14:11:08,822 - INFO - Đang cào trang 20
2025-09-14 14:11:08,908 - INFO - [17] Tìm thấy 20 tin.
2025-09-14 14:11:08,908 - INFO - Đang cào trang 21
2025-09-14 14:11:09,082 - INFO - [18] Tìm thấy 20 tin.
2025-09-14 14:11:09,083 - INFO - Đang cào trang 22
2025-09-14 14:11:09,486 - INFO - [19] Tìm thấy 20 tin.
2025-09-14 14:11:09,487 - INFO - Đang cào trang 23
2025-09-14 14:11:09,669 - INFO - [11] Tìm thấy 20 tin.
2025-09-14 14:11:09,685 - INFO - Đang cào trang 24
2025-09-14 14:11:09,952 - INFO - [21] Tìm thấy 20 tin.
2025-09-14 14:11:09,963 - INFO - Đang cào trang 25
2025-09-14 14:11:09,986 - WARNING - [23] 403/AccessDenied (thử 1/3)
2025-09-14 14:11:10,013 - INFO - [20] Tìm thấy 20 tin.
2025-09-14 14:11:10,014 - INFO - Đang cào trang 26
2025-09-14 14:11:10,170 - INFO - [22] Tìm thấy 20 tin.
2025-09-14 14:11:10,171 - INFO - Đang cào trang 27
2025-09-14 14:11:10,840 - INFO - [24] Tìm thấy 20 tin.
2025-09-14 14:11:10,841 - INFO - Đang cào trang 28
2025-09-14 14:11:11,079 - INFO - [25] Tìm thấy 20 tin.
2025-09-14 14:11:11,089 - INFO - Đang cào trang 29
2025-09-14 14:11:11,169 - INFO - [26] Tìm thấy 20 tin.
2025-09-14 14:11:11,171 - INFO - Đang cào trang 30
2025-09-14 14:11:11,917 - INFO - [27] Tìm thấy 20 tin.
2025-09-14 14:11:11,918 - INFO - Đang cào trang 31
2025-09-14 14:11:12,097 - INFO - [28] Tìm thấy 20 tin.
2025-09-14 14:11:12,098 - INFO - Đang cào trang 32
2025-09-14 14:11:12,266 - INFO - [29] Tìm thấy 20 tin.
2025-09-14 14:11:12,267 - INFO - Đang cào trang 33
2025-09-14 14:11:12,501 - INFO - [30] Tìm thấy 20 tin.
2025-09-14 14:11:12,501 - INFO - Đang cào trang 34
2025-09-14 14:11:12,750 - INFO - [23] Tìm thấy 20 tin.
2025-09-14 14:11:12,751 - INFO - Đang cào trang 35
2025-09-14 14:11:12,964 - WARNING - [33] 403/AccessDenied (thử 1/3)
2025-09-14 14:11:13,007 - WARNING - [34] 403/AccessDenied (thử 1/3)
2025-09-14 14:11:13,099 - INFO - [31] Tìm thấy 20 tin.
2025-09-14 14:11:13,099 - INFO - Đang cào trang 36
2025-09-14 14:11:13,340 - INFO - [32] Tìm thấy 20 tin.
2025-09-14 14:11:13,341 - INFO - Đang cào trang 37
2025-09-14 14:11:13,626 - WARNING - [37] 403/AccessDenied (thử 1/3)
2025-09-14 14:11:13,727 - INFO - [35] Tìm thấy 20 tin.
2025-09-14 14:11:13,728 - INFO - Đang cào trang 38
2025-09-14 14:11:14,136 - INFO - [36] Tìm thấy 20 tin.
2025-09-14 14:11:14,137 - INFO - Đang cào trang 39
2025-09-14 14:11:14,484 - WARNING - [39] 403/AccessDenied (thử 1/3)
2025-09-14 14:11:14,561 - INFO - [38] Tìm thấy 20 tin.
2025-09-14 14:11:14,562 - INFO - Đang cào trang 40
2025-09-14 14:11:14,803 - WARNING - [40] 403/AccessDenied (thử 1/3)
2025-09-14 14:11:15,518 - INFO - [33] Tìm thấy 20 tin.
2025-09-14 14:11:15,519 - INFO - Đang cào trang 41
2025-09-14 14:11:16,810 - INFO - [41] Tìm thấy 20 tin.
2025-09-14 14:11:16,813 - INFO - Đang cào trang 42
2025-09-14 14:11:16,993 - INFO - [34] Tìm thấy 20 tin.
2025-09-14 14:11:16,994 - INFO - Đang cào trang 43
2025-09-14 14:11:17,558 - INFO - [37] Tìm thấy 20 tin.
2025-09-14 14:11:17,559 - INFO - Đang cào trang 44
2025-09-14 14:11:17,929 - INFO - [42] Tìm thấy 20 tin.
2025-09-14 14:11:17,940 - INFO - Đang cào trang 45
2025-09-14 14:11:17,955 - INFO - [39] Tìm thấy 20 tin.
2025-09-14 14:11:17,955 - INFO - Đang cào trang 46
2025-09-14 14:11:18,170 - INFO - [43] Tìm thấy 20 tin.
2025-09-14 14:11:18,171 - INFO - Đang cào trang 47
2025-09-14 14:11:18,559 - INFO - [44] Tìm thấy 20 tin.
2025-09-14 14:11:18,560 - INFO - Đang cào trang 48
2025-09-14 14:11:19,312 - INFO - [40] Tìm thấy 20 tin.
2025-09-14 14:11:19,323 - INFO - Đang cào trang 49
2025-09-14 14:11:19,337 - INFO - [46] Tìm thấy 20 tin.
2025-09-14 14:11:19,349 - INFO - Đang cào trang 50
2025-09-14 14:11:19,395 - INFO - [45] Tìm thấy 20 tin.
2025-09-14 14:11:19,395 - INFO - Đang cào trang 51
2025-09-14 14:11:19,561 - INFO - [47] Tìm thấy 20 tin.
2025-09-14 14:11:19,562 - INFO - Đang cào trang 52
2025-09-14 14:11:20,175 - INFO - [48] Tìm thấy 20 tin.
2025-09-14 14:11:20,177 - INFO - Đang cào trang 53
2025-09-14 14:11:20,517 - INFO - [50] Tìm thấy 20 tin.
2025-09-14 14:11:20,588 - INFO - Đang cào trang 54
2025-09-14 14:11:20,616 - INFO - [49] Tìm thấy 20 tin.
2025-09-14 14:11:20,617 - INFO - Đang cào trang 55
2025-09-14 14:11:20,873 - INFO - [51] Tìm thấy 20 tin.
2025-09-14 14:11:20,885 - INFO - Đang cào trang 56
2025-09-14 14:11:20,949 - INFO - [52] Tìm thấy 20 tin.
2025-09-14 14:11:20,950 - INFO - Đang cào trang 57
2025-09-14 14:11:21,304 - INFO - [53] Tìm thấy 20 tin.
2025-09-14 14:11:21,305 - INFO - Đang cào trang 58
2025-09-14 14:11:21,508 - INFO - [54] Tìm thấy 20 tin.
2025-09-14 14:11:21,509 - INFO - Đang cào trang 59
2025-09-14 14:11:23,088 - INFO - [55] Tìm thấy 20 tin.
2025-09-14 14:11:23,089 - INFO - Đang cào trang 60
2025-09-14 14:11:23,509 - WARNING - [60] 403/AccessDenied (thử 1/3)
2025-09-14 14:11:23,569 - INFO - [57] Tìm thấy 20 tin.
2025-09-14 14:11:23,580 - INFO - Đang cào trang 61
2025-09-14 14:11:23,604 - INFO - [56] Tìm thấy 20 tin.
2025-09-14 14:11:23,605 - INFO - Đang cào trang 62
2025-09-14 14:11:23,829 - INFO - [58] Tìm thấy 20 tin.
2025-09-14 14:11:23,835 - INFO - Đang cào trang 63
2025-09-14 14:11:23,973 - INFO - [59] Tìm thấy 20 tin.
2025-09-14 14:11:23,973 - INFO - Đang cào trang 64
2025-09-14 14:11:24,623 - INFO - [62] Tìm thấy 20 tin.
2025-09-14 14:11:24,625 - INFO - Đang cào trang 65
2025-09-14 14:11:24,977 - INFO - [61] Tìm thấy 20 tin.
2025-09-14 14:11:24,988 - INFO - Đang cào trang 66
2025-09-14 14:11:25,030 - INFO - [64] Tìm thấy 20 tin.
2025-09-14 14:11:25,033 - INFO - Đang cào trang 67
2025-09-14 14:11:25,188 - INFO - [63] Tìm thấy 20 tin.
2025-09-14 14:11:25,189 - INFO - Đang cào trang 68
2025-09-14 14:11:25,718 - INFO - [65] Tìm thấy 20 tin.
2025-09-14 14:11:25,719 - INFO - Đang cào trang 69
2025-09-14 14:11:26,170 - INFO - [66] Tìm thấy 20 tin.
2025-09-14 14:11:26,179 - INFO - [68] Tìm thấy 20 tin.
2025-09-14 14:11:26,180 - INFO - Đang cào trang 70
2025-09-14 14:11:26,228 - WARNING - [69] 403/AccessDenied (thử 1/3)
2025-09-14 14:11:26,509 - INFO - [67] Tìm thấy 20 tin.
2025-09-14 14:11:26,709 - INFO - [60] Tìm thấy 20 tin.
2025-09-14 14:11:27,721 - INFO - [70] Tìm thấy 20 tin.
2025-09-14 14:11:30,271 - INFO - [69] Tìm thấy 20 tin.
2025-09-14 14:14:03,405 - INFO - === CÀO DỮ LIỆU THÔ HOÀN TẤT - 1400 TIN ===
2025-09-14 14:14:03,470 - INFO - Đã lưu 1400 dòng → /mnt/d/PHANTICHDULIEU/data/raw/bds_quan7_raw.csv
2025-09-14 14:14:03,470 - INFO - Bắt đầu làm sạch dữ liệu...
2025-09-14 14:14:03,491 - INFO - Hoàn tất làm sạch dữ liệu.
2025-09-14 14:14:03,536 - INFO - Đã lưu 1400 dòng → /mnt/d/PHANTICHDULIEU/data/GiaThueCanHoQ7.csv
2025-09-14 14:14:03,537 - INFO - === TOÀN BỘ QUÁ TRÌNH ĐÃ HOÀN TẤT ===
