2025-08-30 06:50:58,683 - INFO - === BẮT ĐẦU QUÁ TRÌNH CÀO DỮ LIỆU ===
2025-08-30 06:50:58,714 - INFO - Đang cào trang 1: https://batdongsan.com.vn/cho-thue-can-ho-chung-cu-quan-7/p1
2025-08-30 06:50:58,714 - INFO - Đang cào trang 2: https://batdongsan.com.vn/cho-thue-can-ho-chung-cu-quan-7/p2
2025-08-30 06:50:58,715 - INFO - Đang cào trang 3: https://batdongsan.com.vn/cho-thue-can-ho-chung-cu-quan-7/p3
2025-08-30 06:50:58,716 - INFO - Đang cào trang 4: https://batdongsan.com.vn/cho-thue-can-ho-chung-cu-quan-7/p4
2025-08-30 06:50:58,717 - INFO - Đang cào trang 5: https://batdongsan.com.vn/cho-thue-can-ho-chung-cu-quan-7/p5
2025-08-30 06:50:59,554 - INFO - Tìm thấy 20 tin ở trang 1.
2025-08-30 06:50:59,557 - INFO - Đang cào trang 6: https://batdongsan.com.vn/cho-thue-can-ho-chung-cu-quan-7/p6
2025-08-30 06:50:59,849 - INFO - Tìm thấy 20 tin ở trang 2.
2025-08-30 06:50:59,860 - INFO - Đang cào trang 7: https://batdongsan.com.vn/cho-thue-can-ho-chung-cu-quan-7/p7
2025-08-30 06:50:59,898 - INFO - Tìm thấy 20 tin ở trang 4.
2025-08-30 06:50:59,909 - INFO - Đang cào trang 8: https://batdongsan.com.vn/cho-thue-can-ho-chung-cu-quan-7/p8
2025-08-30 06:51:00,056 - INFO - Tìm thấy 20 tin ở trang 3.
2025-08-30 06:51:00,067 - INFO - Đang cào trang 9: https://batdongsan.com.vn/cho-thue-can-ho-chung-cu-quan-7/p9
2025-08-30 06:51:00,292 - INFO - Tìm thấy 20 tin ở trang 5.
2025-08-30 06:51:00,308 - INFO - Đang cào trang 10: https://batdongsan.com.vn/cho-thue-can-ho-chung-cu-quan-7/p10
2025-08-30 06:51:00,389 - INFO - Tìm thấy 20 tin ở trang 6.
2025-08-30 06:51:00,390 - INFO - Đang cào trang 11: https://batdongsan.com.vn/cho-thue-can-ho-chung-cu-quan-7/p11
2025-08-30 06:51:00,664 - INFO - Tìm thấy 20 tin ở trang 8.
2025-08-30 06:51:00,675 - INFO - Đang cào trang 12: https://batdongsan.com.vn/cho-thue-can-ho-chung-cu-quan-7/p12
2025-08-30 06:51:00,719 - INFO - Tìm thấy 20 tin ở trang 7.
2025-08-30 06:51:00,719 - INFO - Đang cào trang 13: https://batdongsan.com.vn/cho-thue-can-ho-chung-cu-quan-7/p13
2025-08-30 06:51:00,845 - INFO - Tìm thấy 20 tin ở trang 9.
2025-08-30 06:51:00,845 - INFO - Đang cào trang 14: https://batdongsan.com.vn/cho-thue-can-ho-chung-cu-quan-7/p14
2025-08-30 06:51:01,042 - INFO - Tìm thấy 20 tin ở trang 10.
2025-08-30 06:51:01,043 - INFO - Đang cào trang 15: https://batdongsan.com.vn/cho-thue-can-ho-chung-cu-quan-7/p15
2025-08-30 06:51:01,175 - INFO - Tìm thấy 20 tin ở trang 11.
2025-08-30 06:51:01,177 - INFO - Đang cào trang 16: https://batdongsan.com.vn/cho-thue-can-ho-chung-cu-quan-7/p16
2025-08-30 06:51:01,379 - INFO - Tìm thấy 20 tin ở trang 12.
2025-08-30 06:51:01,390 - INFO - Đang cào trang 17: https://batdongsan.com.vn/cho-thue-can-ho-chung-cu-quan-7/p17
2025-08-30 06:51:01,494 - INFO - Tìm thấy 20 tin ở trang 13.
2025-08-30 06:51:01,495 - INFO - Đang cào trang 18: https://batdongsan.com.vn/cho-thue-can-ho-chung-cu-quan-7/p18
2025-08-30 06:51:01,818 - INFO - Tìm thấy 20 tin ở trang 14.
2025-08-30 06:51:01,825 - INFO - Đang cào trang 19: https://batdongsan.com.vn/cho-thue-can-ho-chung-cu-quan-7/p19
2025-08-30 06:51:01,839 - INFO - Tìm thấy 20 tin ở trang 15.
2025-08-30 06:51:01,840 - INFO - Đang cào trang 20: https://batdongsan.com.vn/cho-thue-can-ho-chung-cu-quan-7/p20
2025-08-30 06:51:02,081 - INFO - Tìm thấy 20 tin ở trang 16.
2025-08-30 06:51:02,092 - INFO - Đang cào trang 21: https://batdongsan.com.vn/cho-thue-can-ho-chung-cu-quan-7/p21
2025-08-30 06:51:02,113 - INFO - Tìm thấy 20 tin ở trang 17.
2025-08-30 06:51:02,120 - INFO - Đang cào trang 22: https://batdongsan.com.vn/cho-thue-can-ho-chung-cu-quan-7/p22
2025-08-30 06:51:02,324 - INFO - Tìm thấy 20 tin ở trang 18.
2025-08-30 06:51:02,325 - INFO - Đang cào trang 23: https://batdongsan.com.vn/cho-thue-can-ho-chung-cu-quan-7/p23
2025-08-30 06:51:02,611 - INFO - Tìm thấy 20 tin ở trang 20.
2025-08-30 06:51:02,613 - INFO - Tìm thấy 20 tin ở trang 19.
2025-08-30 06:51:02,613 - INFO - Đang cào trang 24: https://batdongsan.com.vn/cho-thue-can-ho-chung-cu-quan-7/p24
2025-08-30 06:51:02,614 - INFO - Đang cào trang 25: https://batdongsan.com.vn/cho-thue-can-ho-chung-cu-quan-7/p25
2025-08-30 06:51:02,925 - INFO - Tìm thấy 20 tin ở trang 22.
2025-08-30 06:51:02,939 - INFO - Tìm thấy 20 tin ở trang 21.
2025-08-30 06:51:02,940 - INFO - Đang cào trang 26: https://batdongsan.com.vn/cho-thue-can-ho-chung-cu-quan-7/p26
2025-08-30 06:51:02,940 - INFO - Đang cào trang 27: https://batdongsan.com.vn/cho-thue-can-ho-chung-cu-quan-7/p27
2025-08-30 06:51:03,125 - INFO - Tìm thấy 20 tin ở trang 23.
2025-08-30 06:51:03,125 - INFO - Đang cào trang 28: https://batdongsan.com.vn/cho-thue-can-ho-chung-cu-quan-7/p28
2025-08-30 06:51:03,380 - INFO - Tìm thấy 20 tin ở trang 25.
2025-08-30 06:51:03,391 - INFO - Đang cào trang 29: https://batdongsan.com.vn/cho-thue-can-ho-chung-cu-quan-7/p29
2025-08-30 06:51:03,405 - INFO - Tìm thấy 20 tin ở trang 24.
2025-08-30 06:51:03,406 - INFO - Đang cào trang 30: https://batdongsan.com.vn/cho-thue-can-ho-chung-cu-quan-7/p30
2025-08-30 06:51:03,614 - INFO - Tìm thấy 20 tin ở trang 27.
2025-08-30 06:51:03,614 - INFO - Đang cào trang 31: https://batdongsan.com.vn/cho-thue-can-ho-chung-cu-quan-7/p31
2025-08-30 06:51:03,782 - INFO - Tìm thấy 20 tin ở trang 26.
2025-08-30 06:51:03,793 - INFO - Đang cào trang 32: https://batdongsan.com.vn/cho-thue-can-ho-chung-cu-quan-7/p32
2025-08-30 06:51:03,887 - INFO - Tìm thấy 20 tin ở trang 28.
2025-08-30 06:51:03,888 - INFO - Đang cào trang 33: https://batdongsan.com.vn/cho-thue-can-ho-chung-cu-quan-7/p33
2025-08-30 06:51:04,171 - INFO - Tìm thấy 20 tin ở trang 29.
2025-08-30 06:51:04,177 - INFO - Đang cào trang 34: https://batdongsan.com.vn/cho-thue-can-ho-chung-cu-quan-7/p34
2025-08-30 06:51:04,225 - INFO - Tìm thấy 20 tin ở trang 30.
2025-08-30 06:51:04,226 - INFO - Đang cào trang 35: https://batdongsan.com.vn/cho-thue-can-ho-chung-cu-quan-7/p35
2025-08-30 06:51:04,413 - INFO - Tìm thấy 20 tin ở trang 31.
2025-08-30 06:51:04,424 - INFO - Đang cào trang 36: https://batdongsan.com.vn/cho-thue-can-ho-chung-cu-quan-7/p36
2025-08-30 06:51:04,555 - INFO - Tìm thấy 20 tin ở trang 32.
2025-08-30 06:51:04,561 - INFO - Đang cào trang 37: https://batdongsan.com.vn/cho-thue-can-ho-chung-cu-quan-7/p37
2025-08-30 06:51:04,697 - INFO - Tìm thấy 20 tin ở trang 33.
2025-08-30 06:51:04,697 - INFO - Đang cào trang 38: https://batdongsan.com.vn/cho-thue-can-ho-chung-cu-quan-7/p38
2025-08-30 06:51:04,948 - INFO - Tìm thấy 20 tin ở trang 34.
2025-08-30 06:51:04,959 - INFO - Đang cào trang 39: https://batdongsan.com.vn/cho-thue-can-ho-chung-cu-quan-7/p39
2025-08-30 06:51:05,046 - INFO - Tìm thấy 20 tin ở trang 35.
2025-08-30 06:51:05,046 - INFO - Đang cào trang 40: https://batdongsan.com.vn/cho-thue-can-ho-chung-cu-quan-7/p40
2025-08-30 06:51:05,175 - INFO - Tìm thấy 20 tin ở trang 36.
2025-08-30 06:51:05,176 - INFO - Đang cào trang 41: https://batdongsan.com.vn/cho-thue-can-ho-chung-cu-quan-7/p41
2025-08-30 06:51:05,376 - INFO - Tìm thấy 20 tin ở trang 38.
2025-08-30 06:51:05,377 - INFO - Đang cào trang 42: https://batdongsan.com.vn/cho-thue-can-ho-chung-cu-quan-7/p42
2025-08-30 06:51:05,658 - INFO - Tìm thấy 20 tin ở trang 37.
2025-08-30 06:51:05,662 - INFO - Tìm thấy 20 tin ở trang 39.
2025-08-30 06:51:05,663 - INFO - Đang cào trang 43: https://batdongsan.com.vn/cho-thue-can-ho-chung-cu-quan-7/p43
2025-08-30 06:51:05,663 - INFO - Đang cào trang 44: https://batdongsan.com.vn/cho-thue-can-ho-chung-cu-quan-7/p44
2025-08-30 06:51:05,851 - INFO - Tìm thấy 20 tin ở trang 40.
2025-08-30 06:51:05,852 - INFO - Đang cào trang 45: https://batdongsan.com.vn/cho-thue-can-ho-chung-cu-quan-7/p45
2025-08-30 06:51:06,055 - INFO - Tìm thấy 20 tin ở trang 41.
2025-08-30 06:51:06,066 - INFO - Đang cào trang 46: https://batdongsan.com.vn/cho-thue-can-ho-chung-cu-quan-7/p46
2025-08-30 06:51:06,196 - INFO - Tìm thấy 20 tin ở trang 42.
2025-08-30 06:51:06,196 - INFO - Đang cào trang 47: https://batdongsan.com.vn/cho-thue-can-ho-chung-cu-quan-7/p47
2025-08-30 06:51:06,463 - INFO - Tìm thấy 20 tin ở trang 43.
2025-08-30 06:51:06,473 - INFO - Đang cào trang 48: https://batdongsan.com.vn/cho-thue-can-ho-chung-cu-quan-7/p48
2025-08-30 06:51:06,480 - INFO - Tìm thấy 20 tin ở trang 44.
2025-08-30 06:51:06,481 - INFO - Đang cào trang 49: https://batdongsan.com.vn/cho-thue-can-ho-chung-cu-quan-7/p49
2025-08-30 06:51:06,679 - INFO - Tìm thấy 20 tin ở trang 45.
2025-08-30 06:51:06,680 - INFO - Đang cào trang 50: https://batdongsan.com.vn/cho-thue-can-ho-chung-cu-quan-7/p50
2025-08-30 06:51:06,810 - INFO - Tìm thấy 20 tin ở trang 46.
2025-08-30 06:51:06,811 - INFO - Đang cào trang 51: https://batdongsan.com.vn/cho-thue-can-ho-chung-cu-quan-7/p51
2025-08-30 06:51:06,952 - INFO - Tìm thấy 20 tin ở trang 47.
2025-08-30 06:51:06,952 - INFO - Đang cào trang 52: https://batdongsan.com.vn/cho-thue-can-ho-chung-cu-quan-7/p52
2025-08-30 06:51:07,217 - INFO - Tìm thấy 20 tin ở trang 48.
2025-08-30 06:51:07,223 - INFO - Đang cào trang 53: https://batdongsan.com.vn/cho-thue-can-ho-chung-cu-quan-7/p53
2025-08-30 06:51:07,298 - INFO - Tìm thấy 20 tin ở trang 49.
2025-08-30 06:51:07,299 - INFO - Đang cào trang 54: https://batdongsan.com.vn/cho-thue-can-ho-chung-cu-quan-7/p54
2025-08-30 06:51:07,494 - INFO - Tìm thấy 20 tin ở trang 51.
2025-08-30 06:51:07,495 - INFO - Đang cào trang 55: https://batdongsan.com.vn/cho-thue-can-ho-chung-cu-quan-7/p55
2025-08-30 06:51:07,637 - INFO - Tìm thấy 20 tin ở trang 52.
2025-08-30 06:51:07,638 - INFO - Đang cào trang 56: https://batdongsan.com.vn/cho-thue-can-ho-chung-cu-quan-7/p56
2025-08-30 06:51:07,783 - INFO - Tìm thấy 20 tin ở trang 50.
2025-08-30 06:51:07,783 - INFO - Đang cào trang 57: https://batdongsan.com.vn/cho-thue-can-ho-chung-cu-quan-7/p57
2025-08-30 06:51:08,038 - INFO - Tìm thấy 20 tin ở trang 53.
2025-08-30 06:51:08,044 - INFO - Đang cào trang 58: https://batdongsan.com.vn/cho-thue-can-ho-chung-cu-quan-7/p58
2025-08-30 06:51:08,134 - INFO - Tìm thấy 20 tin ở trang 54.
2025-08-30 06:51:08,139 - INFO - Đang cào trang 59: https://batdongsan.com.vn/cho-thue-can-ho-chung-cu-quan-7/p59
2025-08-30 06:51:08,466 - INFO - Tìm thấy 20 tin ở trang 55.
2025-08-30 06:51:08,467 - INFO - Tìm thấy 20 tin ở trang 56.
2025-08-30 06:51:08,467 - INFO - Đang cào trang 60: https://batdongsan.com.vn/cho-thue-can-ho-chung-cu-quan-7/p60
2025-08-30 06:51:08,468 - INFO - Đang cào trang 61: https://batdongsan.com.vn/cho-thue-can-ho-chung-cu-quan-7/p61
2025-08-30 06:51:08,669 - INFO - Tìm thấy 20 tin ở trang 57.
2025-08-30 06:51:08,680 - INFO - Đang cào trang 62: https://batdongsan.com.vn/cho-thue-can-ho-chung-cu-quan-7/p62
2025-08-30 06:51:08,817 - INFO - Tìm thấy 20 tin ở trang 58.
2025-08-30 06:51:08,828 - INFO - Đang cào trang 63: https://batdongsan.com.vn/cho-thue-can-ho-chung-cu-quan-7/p63
2025-08-30 06:51:08,963 - INFO - Tìm thấy 20 tin ở trang 59.
2025-08-30 06:51:08,964 - INFO - Đang cào trang 64: https://batdongsan.com.vn/cho-thue-can-ho-chung-cu-quan-7/p64
2025-08-30 06:51:09,289 - INFO - Tìm thấy 20 tin ở trang 60.
2025-08-30 06:51:09,304 - INFO - Tìm thấy 20 tin ở trang 61.
2025-08-30 06:51:09,304 - INFO - Đang cào trang 65: https://batdongsan.com.vn/cho-thue-can-ho-chung-cu-quan-7/p65
2025-08-30 06:51:09,311 - INFO - Đang cào trang 66: https://batdongsan.com.vn/cho-thue-can-ho-chung-cu-quan-7/p66
2025-08-30 06:51:09,513 - INFO - Tìm thấy 20 tin ở trang 62.
2025-08-30 06:51:09,519 - INFO - Đang cào trang 67: https://batdongsan.com.vn/cho-thue-can-ho-chung-cu-quan-7/p67
2025-08-30 06:51:09,581 - INFO - Tìm thấy 20 tin ở trang 63.
2025-08-30 06:51:09,592 - INFO - Đang cào trang 68: https://batdongsan.com.vn/cho-thue-can-ho-chung-cu-quan-7/p68
2025-08-30 06:51:09,790 - INFO - Tìm thấy 20 tin ở trang 64.
2025-08-30 06:51:09,790 - INFO - Đang cào trang 69: https://batdongsan.com.vn/cho-thue-can-ho-chung-cu-quan-7/p69
2025-08-30 06:51:10,125 - INFO - Tìm thấy 20 tin ở trang 66.
2025-08-30 06:51:10,136 - INFO - Đang cào trang 70: https://batdongsan.com.vn/cho-thue-can-ho-chung-cu-quan-7/p70
2025-08-30 06:51:10,139 - INFO - Tìm thấy 20 tin ở trang 65.
2025-08-30 06:51:10,409 - WARNING - Không tìm thấy khối danh sách sản phẩm ở trang 69.
2025-08-30 06:51:10,464 - INFO - Tìm thấy 12 tin ở trang 68.
2025-08-30 06:51:10,555 - INFO - Tìm thấy 20 tin ở trang 67.
2025-08-30 06:51:10,692 - WARNING - Không tìm thấy khối danh sách sản phẩm ở trang 70.
2025-08-30 06:56:32,077 - INFO - 
=== CÀO DỮ LIỆU THÔ HOÀN TẤT - TỔNG CỘNG 1352 TIN ===
2025-08-30 06:56:32,122 - INFO - Đã lưu thành công 1352 dòng vào file '/mnt/d/PHANTICHDULIEU/data/raw/bds_quan7_raw.csv'
2025-08-30 06:56:32,123 - INFO - Bắt đầu làm sạch dữ liệu...
2025-08-30 06:56:32,134 - INFO - Hoàn tất làm sạch dữ liệu.
2025-08-30 06:56:32,158 - INFO - Đã lưu thành công 1352 dòng vào file '/mnt/d/PHANTICHDULIEU/data/GiaThueCanHoQ7.csv'
2025-08-30 06:56:32,158 - INFO - === TOÀN BỘ QUÁ TRÌNH ĐÃ HOÀN TẤT ===
